{"/home/travis/build/npmtest/node-npmtest-web3/test.js":{"path":"/home/travis/build/npmtest/node-npmtest-web3/test.js","s":{"1":2,"2":2,"3":2,"4":2,"5":2,"6":2,"7":2,"8":1,"9":2,"10":2,"11":1,"12":1,"13":1,"14":1,"15":2,"16":2,"17":2,"18":2,"19":1,"20":1,"21":2,"22":2,"23":2,"24":1,"25":1,"26":1,"27":1,"28":1,"29":1,"30":1,"31":1,"32":1,"33":1,"34":1,"35":1,"36":1,"37":1,"38":1,"39":2,"40":2,"41":1,"42":2,"43":2,"44":1,"45":2,"46":2,"47":1,"48":2,"49":2,"50":1,"51":1,"52":1,"53":1,"54":1},"b":{"1":[2,1,1,1],"2":[1,1,1,1],"3":[1,1],"4":[1,1],"5":[1,1],"6":[1,1],"7":[1,1],"8":[1,1],"9":[1,1],"10":[1,1,1],"11":[1,1],"12":[1,1],"13":[1,1],"14":[1,1],"15":[1,1],"16":[1,1],"17":[1,1]},"f":{"1":2,"2":2,"3":2,"4":2,"5":2,"6":1,"7":1,"8":1,"9":2,"10":2,"11":2,"12":2,"13":1},"fnMap":{"1":{"name":"(anonymous_1)","line":12,"loc":{"start":{"line":12,"column":1},"end":{"line":12,"column":13}}},"2":{"name":"(anonymous_2)","line":19,"loc":{"start":{"line":19,"column":5},"end":{"line":19,"column":17}}},"3":{"name":"(anonymous_3)","line":23,"loc":{"start":{"line":23,"column":24},"end":{"line":23,"column":36}}},"4":{"name":"(anonymous_4)","line":61,"loc":{"start":{"line":61,"column":5},"end":{"line":61,"column":17}}},"5":{"name":"(anonymous_5)","line":82,"loc":{"start":{"line":82,"column":5},"end":{"line":82,"column":17}}},"6":{"name":"(anonymous_6)","line":91,"loc":{"start":{"line":91,"column":77},"end":{"line":94,"column":10}}},"7":{"name":"(anonymous_7)","line":112,"loc":{"start":{"line":112,"column":83},"end":{"line":115,"column":10}},"skip":true},"8":{"name":"(anonymous_8)","line":123,"loc":{"start":{"line":123,"column":77},"end":{"line":126,"column":10}},"skip":true},"9":{"name":"(anonymous_9)","line":139,"loc":{"start":{"line":139,"column":12},"end":{"line":139,"column":40}},"skip":true},"10":{"name":"(anonymous_10)","line":147,"loc":{"start":{"line":147,"column":77},"end":{"line":150,"column":10}},"skip":true},"11":{"name":"(anonymous_11)","line":158,"loc":{"start":{"line":158,"column":83},"end":{"line":161,"column":10}},"skip":true},"12":{"name":"(anonymous_12)","line":169,"loc":{"start":{"line":169,"column":79},"end":{"line":172,"column":10}},"skip":true},"13":{"name":"(anonymous_13)","line":180,"loc":{"start":{"line":180,"column":75},"end":{"line":183,"column":10}},"skip":true}},"statementMap":{"1":{"start":{"line":12,"column":0},"end":{"line":195,"column":5}},"2":{"start":{"line":14,"column":4},"end":{"line":14,"column":14}},"3":{"start":{"line":19,"column":4},"end":{"line":56,"column":9}},"4":{"start":{"line":21,"column":8},"end":{"line":21,"column":19}},"5":{"start":{"line":23,"column":8},"end":{"line":35,"column":13}},"6":{"start":{"line":24,"column":12},"end":{"line":34,"column":13}},"7":{"start":{"line":25,"column":16},"end":{"line":28,"column":30}},"8":{"start":{"line":30,"column":16},"end":{"line":33,"column":27}},"9":{"start":{"line":37,"column":8},"end":{"line":39,"column":21}},"10":{"start":{"line":40,"column":8},"end":{"line":53,"column":9}},"11":{"start":{"line":43,"column":12},"end":{"line":46,"column":14}},"12":{"start":{"line":47,"column":12},"end":{"line":47,"column":18}},"13":{"start":{"line":50,"column":12},"end":{"line":51,"column":33}},"14":{"start":{"line":52,"column":12},"end":{"line":52,"column":18}},"15":{"start":{"line":55,"column":8},"end":{"line":55,"column":35}},"16":{"start":{"line":61,"column":4},"end":{"line":63,"column":9}},"17":{"start":{"line":62,"column":8},"end":{"line":62,"column":15}},"18":{"start":{"line":64,"column":4},"end":{"line":77,"column":5}},"19":{"start":{"line":70,"column":8},"end":{"line":70,"column":14}},"20":{"start":{"line":76,"column":8},"end":{"line":76,"column":14}},"21":{"start":{"line":82,"column":4},"end":{"line":84,"column":9}},"22":{"start":{"line":83,"column":8},"end":{"line":83,"column":15}},"23":{"start":{"line":85,"column":4},"end":{"line":194,"column":5}},"24":{"start":{"line":91,"column":8},"end":{"line":99,"column":10}},"25":{"start":{"line":98,"column":12},"end":{"line":98,"column":35}},"26":{"start":{"line":102,"column":8},"end":{"line":104,"column":63}},"27":{"start":{"line":105,"column":8},"end":{"line":105,"column":14}},"28":{"start":{"line":112,"column":8},"end":{"line":121,"column":10},"skip":true},"29":{"start":{"line":119,"column":12},"end":{"line":119,"column":55},"skip":true},"30":{"start":{"line":120,"column":12},"end":{"line":120,"column":48},"skip":true},"31":{"start":{"line":123,"column":8},"end":{"line":136,"column":10},"skip":true},"32":{"start":{"line":130,"column":12},"end":{"line":130,"column":76},"skip":true},"33":{"start":{"line":131,"column":12},"end":{"line":131,"column":73},"skip":true},"34":{"start":{"line":132,"column":12},"end":{"line":132,"column":74},"skip":true},"35":{"start":{"line":133,"column":12},"end":{"line":133,"column":79},"skip":true},"36":{"start":{"line":134,"column":12},"end":{"line":134,"column":25},"skip":true},"37":{"start":{"line":135,"column":12},"end":{"line":135,"column":45},"skip":true},"38":{"start":{"line":138,"column":8},"end":{"line":145,"column":14},"skip":true},"39":{"start":{"line":143,"column":16},"end":{"line":143,"column":29},"skip":true},"40":{"start":{"line":144,"column":16},"end":{"line":144,"column":55},"skip":true},"41":{"start":{"line":147,"column":8},"end":{"line":156,"column":10},"skip":true},"42":{"start":{"line":154,"column":12},"end":{"line":154,"column":25},"skip":true},"43":{"start":{"line":155,"column":12},"end":{"line":155,"column":45},"skip":true},"44":{"start":{"line":158,"column":8},"end":{"line":167,"column":10},"skip":true},"45":{"start":{"line":165,"column":12},"end":{"line":165,"column":25},"skip":true},"46":{"start":{"line":166,"column":12},"end":{"line":166,"column":48},"skip":true},"47":{"start":{"line":169,"column":8},"end":{"line":178,"column":10},"skip":true},"48":{"start":{"line":176,"column":12},"end":{"line":176,"column":25},"skip":true},"49":{"start":{"line":177,"column":12},"end":{"line":177,"column":46},"skip":true},"50":{"start":{"line":180,"column":8},"end":{"line":189,"column":10},"skip":true},"51":{"start":{"line":187,"column":12},"end":{"line":187,"column":94},"skip":true},"52":{"start":{"line":188,"column":12},"end":{"line":188,"column":48},"skip":true},"53":{"start":{"line":192,"column":8},"end":{"line":192,"column":35},"skip":true},"54":{"start":{"line":193,"column":8},"end":{"line":193,"column":14},"skip":true}},"branchMap":{"1":{"line":25,"type":"binary-expr","locations":[{"start":{"line":25,"column":23},"end":{"line":25,"column":62}},{"start":{"line":26,"column":20},"end":{"line":26,"column":70}},{"start":{"line":27,"column":20},"end":{"line":27,"column":71}},{"start":{"line":28,"column":20},"end":{"line":28,"column":29}}]},"2":{"line":30,"type":"binary-expr","locations":[{"start":{"line":30,"column":23},"end":{"line":30,"column":37}},{"start":{"line":31,"column":20},"end":{"line":31,"column":61}},{"start":{"line":32,"column":20},"end":{"line":32,"column":70}},{"start":{"line":33,"column":20},"end":{"line":33,"column":26}}]},"3":{"line":37,"type":"cond-expr","locations":[{"start":{"line":38,"column":14},"end":{"line":38,"column":20}},{"start":{"line":39,"column":14},"end":{"line":39,"column":20}}]},"4":{"line":40,"type":"switch","locations":[{"start":{"line":42,"column":8},"end":{"line":47,"column":18}},{"start":{"line":49,"column":8},"end":{"line":52,"column":18}}]},"5":{"line":44,"type":"binary-expr","locations":[{"start":{"line":44,"column":16},"end":{"line":44,"column":44}},{"start":{"line":44,"column":48},"end":{"line":44,"column":66}}]},"6":{"line":50,"type":"binary-expr","locations":[{"start":{"line":50,"column":21},"end":{"line":50,"column":49}},{"start":{"line":50,"column":53},"end":{"line":50,"column":72}}]},"7":{"line":64,"type":"switch","locations":[{"start":{"line":69,"column":4},"end":{"line":70,"column":14}},{"start":{"line":75,"column":4},"end":{"line":76,"column":14}}]},"8":{"line":85,"type":"switch","locations":[{"start":{"line":90,"column":4},"end":{"line":105,"column":14}},{"start":{"line":111,"column":4},"end":{"line":193,"column":14},"skip":true}]},"9":{"line":91,"type":"binary-expr","locations":[{"start":{"line":91,"column":42},"end":{"line":91,"column":73}},{"start":{"line":91,"column":77},"end":{"line":99,"column":9}}]},"10":{"line":102,"type":"binary-expr","locations":[{"start":{"line":102,"column":18},"end":{"line":102,"column":32}},{"start":{"line":103,"column":12},"end":{"line":103,"column":53}},{"start":{"line":104,"column":12},"end":{"line":104,"column":61}}]},"11":{"line":112,"type":"binary-expr","locations":[{"start":{"line":112,"column":45},"end":{"line":112,"column":79},"skip":true},{"start":{"line":112,"column":83},"end":{"line":121,"column":9},"skip":true}]},"12":{"line":123,"type":"binary-expr","locations":[{"start":{"line":123,"column":42},"end":{"line":123,"column":73},"skip":true},{"start":{"line":123,"column":77},"end":{"line":136,"column":9},"skip":true}]},"13":{"line":138,"type":"binary-expr","locations":[{"start":{"line":138,"column":48},"end":{"line":138,"column":85},"skip":true},{"start":{"line":139,"column":12},"end":{"line":145,"column":13},"skip":true}]},"14":{"line":147,"type":"binary-expr","locations":[{"start":{"line":147,"column":42},"end":{"line":147,"column":73},"skip":true},{"start":{"line":147,"column":77},"end":{"line":156,"column":9},"skip":true}]},"15":{"line":158,"type":"binary-expr","locations":[{"start":{"line":158,"column":45},"end":{"line":158,"column":79},"skip":true},{"start":{"line":158,"column":83},"end":{"line":167,"column":9},"skip":true}]},"16":{"line":169,"type":"binary-expr","locations":[{"start":{"line":169,"column":43},"end":{"line":169,"column":75},"skip":true},{"start":{"line":169,"column":79},"end":{"line":178,"column":9},"skip":true}]},"17":{"line":180,"type":"binary-expr","locations":[{"start":{"line":180,"column":41},"end":{"line":180,"column":71},"skip":true},{"start":{"line":180,"column":75},"end":{"line":189,"column":9},"skip":true}]}},"code":["/* istanbul instrument in package npmtest_web3 */","/*jslint","    bitwise: true,","    browser: true,","    maxerr: 8,","    maxlen: 96,","    node: true,","    nomen: true,","    regexp: true,","    stupid: true","*/","(function () {","    'use strict';","    var local;","","","","    // run shared js-env code - init-before","    (function () {","        // init local","        local = {};","        // init modeJs","        local.modeJs = (function () {","            try {","                return typeof navigator.userAgent === 'string' &&","                    typeof document.querySelector('body') === 'object' &&","                    typeof XMLHttpRequest.prototype.open === 'function' &&","                    'browser';","            } catch (errorCaughtBrowser) {","                return module.exports &&","                    typeof process.versions.node === 'string' &&","                    typeof require('http').createServer === 'function' &&","                    'node';","            }","        }());","        // init global","        local.global = local.modeJs === 'browser'","            ? window","            : global;","        switch (local.modeJs) {","        // re-init local from window.local","        case 'browser':","            local = local.global.utility2.objectSetDefault(","                local.global.utility2_rollup || local.global.local,","                local.global.utility2","            );","            break;","        // re-init local from example.js","        case 'node':","            local = (local.global.utility2_rollup || require('utility2'))","                .requireReadme();","            break;","        }","        // export local","        local.global.local = local;","    }());","","","","    // run shared js-env code - function","    (function () {","        return;","    }());","    switch (local.modeJs) {","","","","    // run browser js-env code - function","    case 'browser':","        break;","","","","    // run node js-env code - function","    case 'node':","        break;","    }","","","","    // run shared js-env code - init-after","    (function () {","        return;","    }());","    switch (local.modeJs) {","","","","    // run browser js-env code - init-after","    case 'browser':","        local.testCase_browser_nullCase = local.testCase_browser_nullCase || function (","            options,","            onError","        ) {","        /*","         * this function will test browsers's null-case handling-behavior-behavior","         */","            onError(null, options);","        };","","        // run tests","        local.nop(local.modeTest &&","            document.querySelector('#testRunButton1') &&","            document.querySelector('#testRunButton1').click());","        break;","","","","    // run node js-env code - init-after","    /* istanbul ignore next */","    case 'node':","        local.testCase_buildApidoc_default = local.testCase_buildApidoc_default || function (","            options,","            onError","        ) {","        /*","         * this function will test buildApidoc's default handling-behavior-behavior","         */","            options = { modulePathList: module.paths };","            local.buildApidoc(options, onError);","        };","","        local.testCase_buildApp_default = local.testCase_buildApp_default || function (","            options,","            onError","        ) {","        /*","         * this function will test buildApp's default handling-behavior-behavior","         */","            local.testCase_buildReadme_default(options, local.onErrorThrow);","            local.testCase_buildLib_default(options, local.onErrorThrow);","            local.testCase_buildTest_default(options, local.onErrorThrow);","            local.testCase_buildCustomOrg_default(options, local.onErrorThrow);","            options = [];","            local.buildApp(options, onError);","        };","","        local.testCase_buildCustomOrg_default = local.testCase_buildCustomOrg_default ||","            function (options, onError) {","            /*","             * this function will test buildCustomOrg's default handling-behavior","             */","                options = {};","                local.buildCustomOrg(options, onError);","            };","","        local.testCase_buildLib_default = local.testCase_buildLib_default || function (","            options,","            onError","        ) {","        /*","         * this function will test buildLib's default handling-behavior","         */","            options = {};","            local.buildLib(options, onError);","        };","","        local.testCase_buildReadme_default = local.testCase_buildReadme_default || function (","            options,","            onError","        ) {","        /*","         * this function will test buildReadme's default handling-behavior-behavior","         */","            options = {};","            local.buildReadme(options, onError);","        };","","        local.testCase_buildTest_default = local.testCase_buildTest_default || function (","            options,","            onError","        ) {","        /*","         * this function will test buildTest's default handling-behavior","         */","            options = {};","            local.buildTest(options, onError);","        };","","        local.testCase_webpage_default = local.testCase_webpage_default || function (","            options,","            onError","        ) {","        /*","         * this function will test webpage's default handling-behavior","         */","            options = { modeCoverageMerge: true, url: local.serverLocalHost + '?modeTest=1' };","            local.browserTest(options, onError);","        };","","        // run test-server","        local.testRunServer(local);","        break;","    }","}());",""],"l":{"12":2,"14":2,"19":2,"21":2,"23":2,"24":2,"25":2,"30":1,"37":2,"40":2,"43":1,"47":1,"50":1,"52":1,"55":2,"61":2,"62":2,"64":2,"70":1,"76":1,"82":2,"83":2,"85":2,"91":1,"98":1,"102":1,"105":1,"112":1,"119":1,"120":1,"123":1,"130":1,"131":1,"132":1,"133":1,"134":1,"135":1,"138":1,"143":2,"144":2,"147":1,"154":2,"155":2,"158":1,"165":2,"166":2,"169":1,"176":2,"177":2,"180":1,"187":1,"188":1,"192":1,"193":1}},"/home/travis/build/npmtest/node-npmtest-web3/lib.npmtest_web3.js":{"path":"/home/travis/build/npmtest/node-npmtest-web3/lib.npmtest_web3.js","s":{"1":2,"2":2,"3":2,"4":2,"5":2,"6":2,"7":2,"8":1,"9":2,"10":2,"11":2,"12":2,"13":1,"14":1,"15":1,"16":1},"b":{"1":[2,1,1,1],"2":[1,1,1,1],"3":[1,1],"4":[2,2],"5":[1,1]},"f":{"1":2,"2":2,"3":2},"fnMap":{"1":{"name":"(anonymous_1)","line":12,"loc":{"start":{"line":12,"column":1},"end":{"line":12,"column":13}}},"2":{"name":"(anonymous_2)","line":19,"loc":{"start":{"line":19,"column":5},"end":{"line":19,"column":17}}},"3":{"name":"(anonymous_3)","line":23,"loc":{"start":{"line":23,"column":24},"end":{"line":23,"column":36}}}},"statementMap":{"1":{"start":{"line":12,"column":0},"end":{"line":53,"column":5}},"2":{"start":{"line":14,"column":4},"end":{"line":14,"column":14}},"3":{"start":{"line":19,"column":4},"end":{"line":52,"column":9}},"4":{"start":{"line":21,"column":8},"end":{"line":21,"column":19}},"5":{"start":{"line":23,"column":8},"end":{"line":35,"column":13}},"6":{"start":{"line":24,"column":12},"end":{"line":34,"column":13}},"7":{"start":{"line":25,"column":16},"end":{"line":28,"column":30}},"8":{"start":{"line":30,"column":16},"end":{"line":33,"column":27}},"9":{"start":{"line":37,"column":8},"end":{"line":39,"column":21}},"10":{"start":{"line":41,"column":8},"end":{"line":41,"column":54}},"11":{"start":{"line":43,"column":8},"end":{"line":43,"column":49}},"12":{"start":{"line":45,"column":8},"end":{"line":51,"column":9}},"13":{"start":{"line":46,"column":12},"end":{"line":46,"column":55}},"14":{"start":{"line":48,"column":12},"end":{"line":48,"column":35}},"15":{"start":{"line":49,"column":12},"end":{"line":49,"column":49}},"16":{"start":{"line":50,"column":12},"end":{"line":50,"column":43}}},"branchMap":{"1":{"line":25,"type":"binary-expr","locations":[{"start":{"line":25,"column":23},"end":{"line":25,"column":62}},{"start":{"line":26,"column":20},"end":{"line":26,"column":70}},{"start":{"line":27,"column":20},"end":{"line":27,"column":71}},{"start":{"line":28,"column":20},"end":{"line":28,"column":29}}]},"2":{"line":30,"type":"binary-expr","locations":[{"start":{"line":30,"column":23},"end":{"line":30,"column":37}},{"start":{"line":31,"column":20},"end":{"line":31,"column":61}},{"start":{"line":32,"column":20},"end":{"line":32,"column":70}},{"start":{"line":33,"column":20},"end":{"line":33,"column":26}}]},"3":{"line":37,"type":"cond-expr","locations":[{"start":{"line":38,"column":14},"end":{"line":38,"column":20}},{"start":{"line":39,"column":14},"end":{"line":39,"column":20}}]},"4":{"line":41,"type":"binary-expr","locations":[{"start":{"line":41,"column":16},"end":{"line":41,"column":44}},{"start":{"line":41,"column":48},"end":{"line":41,"column":53}}]},"5":{"line":45,"type":"if","locations":[{"start":{"line":45,"column":8},"end":{"line":45,"column":8}},{"start":{"line":45,"column":8},"end":{"line":45,"column":8}}]}},"code":["/* istanbul instrument in package npmtest_web3 */","/*jslint","    bitwise: true,","    browser: true,","    maxerr: 8,","    maxlen: 96,","    node: true,","    nomen: true,","    regexp: true,","    stupid: true","*/","(function () {","    'use strict';","    var local;","","","","    // run shared js-env code - init-before","    (function () {","        // init local","        local = {};","        // init modeJs","        local.modeJs = (function () {","            try {","                return typeof navigator.userAgent === 'string' &&","                    typeof document.querySelector('body') === 'object' &&","                    typeof XMLHttpRequest.prototype.open === 'function' &&","                    'browser';","            } catch (errorCaughtBrowser) {","                return module.exports &&","                    typeof process.versions.node === 'string' &&","                    typeof require('http').createServer === 'function' &&","                    'node';","            }","        }());","        // init global","        local.global = local.modeJs === 'browser'","            ? window","            : global;","        // init utility2_rollup","        local = local.global.utility2_rollup || local;","        // init lib","        local.local = local.npmtest_web3 = local;","        // init exports","        if (local.modeJs === 'browser') {","            local.global.utility2_npmtest_web3 = local;","        } else {","            module.exports = local;","            module.exports.__dirname = __dirname;","            module.exports.module = module;","        }","    }());","}());",""],"l":{"12":2,"14":2,"19":2,"21":2,"23":2,"24":2,"25":2,"30":1,"37":2,"41":2,"43":2,"45":2,"46":1,"48":1,"49":1,"50":1}},"/home/travis/build/npmtest/node-npmtest-web3/example.js":{"path":"/home/travis/build/npmtest/node-npmtest-web3/example.js","s":{"1":2,"2":2,"3":2,"4":2,"5":2,"6":2,"7":2,"8":1,"9":2,"10":2,"11":2,"12":2,"13":1,"14":2,"15":2,"16":2,"17":2,"18":2,"19":0,"20":2,"21":1,"22":1,"23":1,"24":1,"25":1,"26":0,"27":0,"28":1,"29":1,"30":2,"31":0,"32":0,"33":0,"34":1,"35":2,"36":2,"37":3,"38":3,"39":3,"40":3,"41":0,"42":3,"43":3,"44":3,"45":1,"46":3,"47":1,"48":1,"49":1,"50":1,"51":1,"52":1,"53":1,"54":1,"55":1,"56":1,"57":0,"58":1,"59":6,"60":6,"61":1,"62":2,"63":0,"64":2,"65":1,"66":1,"67":0,"68":0,"69":0,"70":0,"71":0,"72":0,"73":0,"74":0,"75":0,"76":0,"77":0,"78":0,"79":0,"80":0,"81":0,"82":0,"83":0},"b":{"1":[2,1,1,1],"2":[1,1,1,1],"3":[1,1],"4":[2,2],"5":[1,1],"6":[1,1],"7":[2,0],"8":[2,1,1,1,1,1],"9":[0,2,0],"10":[1,1],"11":[2,1,1],"12":[1,0],"13":[0,2],"14":[2,0,0,0,0,0,0],"15":[0,3],"16":[3,0],"17":[1,1],"18":[0,1],"19":[1,2,0,2],"20":[1,0],"21":[1,1],"22":[0,0],"23":[0,0],"24":[0,0],"25":[0,0],"26":[0,0],"27":[0,0],"28":[0,0]},"f":{"1":2,"2":2,"3":2,"4":2,"5":2,"6":2,"7":3,"8":3,"9":3,"10":1,"11":6,"12":0},"fnMap":{"1":{"name":"(anonymous_1)","line":26,"loc":{"start":{"line":26,"column":1},"end":{"line":26,"column":13}}},"2":{"name":"(anonymous_2)","line":33,"loc":{"start":{"line":33,"column":5},"end":{"line":33,"column":17}}},"3":{"name":"(anonymous_3)","line":37,"loc":{"start":{"line":37,"column":24},"end":{"line":37,"column":36}}},"4":{"name":"(anonymous_4)","line":69,"loc":{"start":{"line":69,"column":31},"end":{"line":69,"column":48}},"skip":true},"5":{"name":"(anonymous_5)","line":78,"loc":{"start":{"line":78,"column":26},"end":{"line":78,"column":45}},"skip":true},"6":{"name":"(anonymous_6)","line":123,"loc":{"start":{"line":123,"column":33},"end":{"line":123,"column":48}},"skip":true},"7":{"name":"(anonymous_7)","line":125,"loc":{"start":{"line":125,"column":27},"end":{"line":125,"column":39}},"skip":true},"8":{"name":"(anonymous_8)","line":133,"loc":{"start":{"line":133,"column":59},"end":{"line":133,"column":74}},"skip":true},"9":{"name":"(anonymous_9)","line":143,"loc":{"start":{"line":143,"column":45},"end":{"line":143,"column":62}},"skip":true},"10":{"name":"(anonymous_10)","line":144,"loc":{"start":{"line":144,"column":73},"end":{"line":144,"column":92}},"skip":true},"11":{"name":"(anonymous_11)","line":272,"loc":{"start":{"line":272,"column":51},"end":{"line":272,"column":77}},"skip":true},"12":{"name":"(anonymous_12)","line":315,"loc":{"start":{"line":315,"column":32},"end":{"line":315,"column":61}},"skip":true}},"statementMap":{"1":{"start":{"line":26,"column":0},"end":{"line":326,"column":5}},"2":{"start":{"line":28,"column":4},"end":{"line":28,"column":14}},"3":{"start":{"line":33,"column":4},"end":{"line":60,"column":9}},"4":{"start":{"line":35,"column":8},"end":{"line":35,"column":19}},"5":{"start":{"line":37,"column":8},"end":{"line":49,"column":13}},"6":{"start":{"line":38,"column":12},"end":{"line":48,"column":13}},"7":{"start":{"line":39,"column":16},"end":{"line":42,"column":30}},"8":{"start":{"line":44,"column":16},"end":{"line":47,"column":27}},"9":{"start":{"line":51,"column":8},"end":{"line":53,"column":21}},"10":{"start":{"line":55,"column":8},"end":{"line":57,"column":45}},"11":{"start":{"line":59,"column":8},"end":{"line":59,"column":35}},"12":{"start":{"line":61,"column":4},"end":{"line":325,"column":5}},"13":{"start":{"line":69,"column":8},"end":{"line":121,"column":10},"skip":true},"14":{"start":{"line":70,"column":12},"end":{"line":88,"column":13},"skip":true},"15":{"start":{"line":76,"column":16},"end":{"line":87,"column":19},"skip":true},"16":{"start":{"line":79,"column":20},"end":{"line":86,"column":21},"skip":true},"17":{"start":{"line":82,"column":24},"end":{"line":82,"column":43},"skip":true},"18":{"start":{"line":83,"column":24},"end":{"line":83,"column":30},"skip":true},"19":{"start":{"line":85,"column":24},"end":{"line":85,"column":49},"skip":true},"20":{"start":{"line":89,"column":12},"end":{"line":107,"column":13},"skip":true},"21":{"start":{"line":92,"column":16},"end":{"line":102,"column":17},"skip":true},"22":{"start":{"line":93,"column":20},"end":{"line":93,"column":86},"skip":true},"23":{"start":{"line":94,"column":20},"end":{"line":95,"column":45},"skip":true},"24":{"start":{"line":96,"column":20},"end":{"line":96,"column":42},"skip":true},"25":{"start":{"line":97,"column":20},"end":{"line":97,"column":48},"skip":true},"26":{"start":{"line":100,"column":20},"end":{"line":100,"column":85},"skip":true},"27":{"start":{"line":101,"column":20},"end":{"line":101,"column":96},"skip":true},"28":{"start":{"line":103,"column":16},"end":{"line":103,"column":22},"skip":true},"29":{"start":{"line":106,"column":16},"end":{"line":106,"column":22},"skip":true},"30":{"start":{"line":108,"column":12},"end":{"line":120,"column":13},"skip":true},"31":{"start":{"line":114,"column":16},"end":{"line":119,"column":17},"skip":true},"32":{"start":{"line":116,"column":20},"end":{"line":116,"column":78},"skip":true},"33":{"start":{"line":118,"column":20},"end":{"line":118,"column":47},"skip":true},"34":{"start":{"line":123,"column":8},"end":{"line":141,"column":11},"skip":true},"35":{"start":{"line":124,"column":12},"end":{"line":124,"column":54},"skip":true},"36":{"start":{"line":125,"column":12},"end":{"line":140,"column":14},"skip":true},"37":{"start":{"line":126,"column":16},"end":{"line":126,"column":28},"skip":true},"38":{"start":{"line":127,"column":16},"end":{"line":127,"column":69},"skip":true},"39":{"start":{"line":128,"column":16},"end":{"line":128,"column":75},"skip":true},"40":{"start":{"line":129,"column":16},"end":{"line":131,"column":17},"skip":true},"41":{"start":{"line":130,"column":20},"end":{"line":130,"column":27},"skip":true},"42":{"start":{"line":133,"column":16},"end":{"line":137,"column":36},"skip":true},"43":{"start":{"line":134,"column":20},"end":{"line":136,"column":55},"skip":true},"44":{"start":{"line":139,"column":16},"end":{"line":139,"column":57},"skip":true},"45":{"start":{"line":143,"column":8},"end":{"line":147,"column":11},"skip":true},"46":{"start":{"line":144,"column":12},"end":{"line":146,"column":15},"skip":true},"47":{"start":{"line":145,"column":16},"end":{"line":145,"column":70},"skip":true},"48":{"start":{"line":149,"column":8},"end":{"line":149,"column":31},"skip":true},"49":{"start":{"line":150,"column":8},"end":{"line":150,"column":14},"skip":true},"50":{"start":{"line":158,"column":8},"end":{"line":158,"column":31},"skip":true},"51":{"start":{"line":160,"column":8},"end":{"line":160,"column":33},"skip":true},"52":{"start":{"line":161,"column":8},"end":{"line":161,"column":37},"skip":true},"53":{"start":{"line":162,"column":8},"end":{"line":162,"column":35},"skip":true},"54":{"start":{"line":164,"column":8},"end":{"line":164,"column":50},"skip":true},"55":{"start":{"line":166,"column":8},"end":{"line":256,"column":2},"skip":true},"56":{"start":{"line":258,"column":8},"end":{"line":286,"column":9},"skip":true},"57":{"start":{"line":259,"column":12},"end":{"line":269,"column":14},"skip":true},"58":{"start":{"line":271,"column":12},"end":{"line":285,"column":19},"skip":true},"59":{"start":{"line":274,"column":20},"end":{"line":274,"column":35},"skip":true},"60":{"start":{"line":275,"column":20},"end":{"line":284,"column":21},"skip":true},"61":{"start":{"line":277,"column":24},"end":{"line":277,"column":64},"skip":true},"62":{"start":{"line":279,"column":24},"end":{"line":279,"column":40},"skip":true},"63":{"start":{"line":281,"column":24},"end":{"line":281,"column":40},"skip":true},"64":{"start":{"line":283,"column":24},"end":{"line":283,"column":39},"skip":true},"65":{"start":{"line":288,"column":8},"end":{"line":290,"column":9},"skip":true},"66":{"start":{"line":289,"column":12},"end":{"line":289,"column":18},"skip":true},"67":{"start":{"line":291,"column":8},"end":{"line":293,"column":54},"skip":true},"68":{"start":{"line":296,"column":8},"end":{"line":301,"column":37},"skip":true},"69":{"start":{"line":303,"column":8},"end":{"line":303,"column":82},"skip":true},"70":{"start":{"line":306,"column":8},"end":{"line":308,"column":9},"skip":true},"71":{"start":{"line":307,"column":12},"end":{"line":307,"column":82},"skip":true},"72":{"start":{"line":310,"column":8},"end":{"line":312,"column":9},"skip":true},"73":{"start":{"line":311,"column":12},"end":{"line":311,"column":18},"skip":true},"74":{"start":{"line":313,"column":8},"end":{"line":313,"column":54},"skip":true},"75":{"start":{"line":314,"column":8},"end":{"line":314,"column":69},"skip":true},"76":{"start":{"line":315,"column":8},"end":{"line":323,"column":36},"skip":true},"77":{"start":{"line":316,"column":12},"end":{"line":316,"column":61},"skip":true},"78":{"start":{"line":317,"column":12},"end":{"line":320,"column":13},"skip":true},"79":{"start":{"line":318,"column":16},"end":{"line":318,"column":75},"skip":true},"80":{"start":{"line":319,"column":16},"end":{"line":319,"column":23},"skip":true},"81":{"start":{"line":321,"column":12},"end":{"line":321,"column":38},"skip":true},"82":{"start":{"line":322,"column":12},"end":{"line":322,"column":27},"skip":true},"83":{"start":{"line":324,"column":8},"end":{"line":324,"column":14},"skip":true}},"branchMap":{"1":{"line":39,"type":"binary-expr","locations":[{"start":{"line":39,"column":23},"end":{"line":39,"column":62}},{"start":{"line":40,"column":20},"end":{"line":40,"column":70}},{"start":{"line":41,"column":20},"end":{"line":41,"column":71}},{"start":{"line":42,"column":20},"end":{"line":42,"column":29}}]},"2":{"line":44,"type":"binary-expr","locations":[{"start":{"line":44,"column":23},"end":{"line":44,"column":37}},{"start":{"line":45,"column":20},"end":{"line":45,"column":61}},{"start":{"line":46,"column":20},"end":{"line":46,"column":70}},{"start":{"line":47,"column":20},"end":{"line":47,"column":26}}]},"3":{"line":51,"type":"cond-expr","locations":[{"start":{"line":52,"column":14},"end":{"line":52,"column":20}},{"start":{"line":53,"column":14},"end":{"line":53,"column":20}}]},"4":{"line":55,"type":"binary-expr","locations":[{"start":{"line":55,"column":16},"end":{"line":55,"column":44}},{"start":{"line":55,"column":49},"end":{"line":57,"column":43}}]},"5":{"line":55,"type":"cond-expr","locations":[{"start":{"line":56,"column":14},"end":{"line":56,"column":48}},{"start":{"line":57,"column":14},"end":{"line":57,"column":43}}]},"6":{"line":61,"type":"switch","locations":[{"start":{"line":68,"column":4},"end":{"line":150,"column":14},"skip":true},{"start":{"line":156,"column":4},"end":{"line":324,"column":14},"skip":true}]},"7":{"line":70,"type":"if","locations":[{"start":{"line":70,"column":12},"end":{"line":70,"column":12},"skip":true},{"start":{"line":70,"column":12},"end":{"line":70,"column":12},"skip":true}]},"8":{"line":70,"type":"binary-expr","locations":[{"start":{"line":70,"column":16},"end":{"line":70,"column":22},"skip":true},{"start":{"line":70,"column":27},"end":{"line":70,"column":32},"skip":true},{"start":{"line":71,"column":20},"end":{"line":71,"column":39},"skip":true},{"start":{"line":72,"column":20},"end":{"line":72,"column":49},"skip":true},{"start":{"line":73,"column":20},"end":{"line":73,"column":58},"skip":true},{"start":{"line":74,"column":20},"end":{"line":74,"column":69},"skip":true}]},"9":{"line":79,"type":"switch","locations":[{"start":{"line":80,"column":20},"end":{"line":80,"column":33},"skip":true},{"start":{"line":81,"column":20},"end":{"line":83,"column":30},"skip":true},{"start":{"line":84,"column":20},"end":{"line":85,"column":49},"skip":true}]},"10":{"line":89,"type":"switch","locations":[{"start":{"line":90,"column":12},"end":{"line":103,"column":22},"skip":true},{"start":{"line":105,"column":12},"end":{"line":106,"column":22},"skip":true}]},"11":{"line":89,"type":"binary-expr","locations":[{"start":{"line":89,"column":20},"end":{"line":89,"column":25},"skip":true},{"start":{"line":89,"column":29},"end":{"line":89,"column":48},"skip":true},{"start":{"line":89,"column":52},"end":{"line":89,"column":74},"skip":true}]},"12":{"line":92,"type":"if","locations":[{"start":{"line":92,"column":16},"end":{"line":92,"column":16},"skip":true},{"start":{"line":92,"column":16},"end":{"line":92,"column":16},"skip":true}]},"13":{"line":108,"type":"if","locations":[{"start":{"line":108,"column":12},"end":{"line":108,"column":12},"skip":true},{"start":{"line":108,"column":12},"end":{"line":108,"column":12},"skip":true}]},"14":{"line":108,"type":"binary-expr","locations":[{"start":{"line":108,"column":16},"end":{"line":108,"column":61},"skip":true},{"start":{"line":108,"column":66},"end":{"line":108,"column":72},"skip":true},{"start":{"line":108,"column":77},"end":{"line":108,"column":82},"skip":true},{"start":{"line":109,"column":20},"end":{"line":109,"column":39},"skip":true},{"start":{"line":110,"column":20},"end":{"line":110,"column":49},"skip":true},{"start":{"line":111,"column":20},"end":{"line":111,"column":58},"skip":true},{"start":{"line":112,"column":20},"end":{"line":112,"column":68},"skip":true}]},"15":{"line":129,"type":"if","locations":[{"start":{"line":129,"column":16},"end":{"line":129,"column":16},"skip":true},{"start":{"line":129,"column":16},"end":{"line":129,"column":16},"skip":true}]},"16":{"line":134,"type":"cond-expr","locations":[{"start":{"line":135,"column":26},"end":{"line":135,"column":29},"skip":true},{"start":{"line":136,"column":26},"end":{"line":136,"column":54},"skip":true}]},"17":{"line":164,"type":"binary-expr","locations":[{"start":{"line":164,"column":27},"end":{"line":164,"column":43},"skip":true},{"start":{"line":164,"column":47},"end":{"line":164,"column":49},"skip":true}]},"18":{"line":258,"type":"if","locations":[{"start":{"line":258,"column":8},"end":{"line":258,"column":8},"skip":true},{"start":{"line":258,"column":8},"end":{"line":258,"column":8},"skip":true}]},"19":{"line":275,"type":"switch","locations":[{"start":{"line":276,"column":20},"end":{"line":277,"column":64},"skip":true},{"start":{"line":278,"column":20},"end":{"line":279,"column":40},"skip":true},{"start":{"line":280,"column":20},"end":{"line":281,"column":40},"skip":true},{"start":{"line":282,"column":20},"end":{"line":283,"column":39},"skip":true}]},"20":{"line":288,"type":"if","locations":[{"start":{"line":288,"column":8},"end":{"line":288,"column":8},"skip":true},{"start":{"line":288,"column":8},"end":{"line":288,"column":8},"skip":true}]},"21":{"line":288,"type":"binary-expr","locations":[{"start":{"line":288,"column":12},"end":{"line":288,"column":40},"skip":true},{"start":{"line":288,"column":44},"end":{"line":288,"column":67},"skip":true}]},"22":{"line":292,"type":"binary-expr","locations":[{"start":{"line":292,"column":12},"end":{"line":292,"column":50},"skip":true},{"start":{"line":293,"column":12},"end":{"line":293,"column":53},"skip":true}]},"23":{"line":297,"type":"binary-expr","locations":[{"start":{"line":297,"column":12},"end":{"line":297,"column":62},"skip":true},{"start":{"line":298,"column":12},"end":{"line":301,"column":36},"skip":true}]},"24":{"line":303,"type":"binary-expr","locations":[{"start":{"line":303,"column":43},"end":{"line":303,"column":75},"skip":true},{"start":{"line":303,"column":79},"end":{"line":303,"column":81},"skip":true}]},"25":{"line":306,"type":"if","locations":[{"start":{"line":306,"column":8},"end":{"line":306,"column":8},"skip":true},{"start":{"line":306,"column":8},"end":{"line":306,"column":8},"skip":true}]},"26":{"line":310,"type":"if","locations":[{"start":{"line":310,"column":8},"end":{"line":310,"column":8},"skip":true},{"start":{"line":310,"column":8},"end":{"line":310,"column":8},"skip":true}]},"27":{"line":313,"type":"binary-expr","locations":[{"start":{"line":313,"column":27},"end":{"line":313,"column":43},"skip":true},{"start":{"line":313,"column":47},"end":{"line":313,"column":53},"skip":true}]},"28":{"line":317,"type":"if","locations":[{"start":{"line":317,"column":12},"end":{"line":317,"column":12},"skip":true},{"start":{"line":317,"column":12},"end":{"line":317,"column":12},"skip":true}]}},"code":["/*","example.js","","quickstart example","","instruction","    1. save this script as example.js","    2. run the shell command:","        $ npm install npmtest-web3 && PORT=8081 node example.js","    3. play with the browser-demo on http://127.0.0.1:8081","*/","","","","/* istanbul instrument in package npmtest_web3 */","/*jslint","    bitwise: true,","    browser: true,","    maxerr: 8,","    maxlen: 96,","    node: true,","    nomen: true,","    regexp: true,","    stupid: true","*/","(function () {","    'use strict';","    var local;","","","","    // run shared js-env code - init-before","    (function () {","        // init local","        local = {};","        // init modeJs","        local.modeJs = (function () {","            try {","                return typeof navigator.userAgent === 'string' &&","                    typeof document.querySelector('body') === 'object' &&","                    typeof XMLHttpRequest.prototype.open === 'function' &&","                    'browser';","            } catch (errorCaughtBrowser) {","                return module.exports &&","                    typeof process.versions.node === 'string' &&","                    typeof require('http').createServer === 'function' &&","                    'node';","            }","        }());","        // init global","        local.global = local.modeJs === 'browser'","            ? window","            : global;","        // init utility2_rollup","        local = local.global.utility2_rollup || (local.modeJs === 'browser'","            ? local.global.utility2_npmtest_web3","            : global.utility2_moduleExports);","        // export local","        local.global.local = local;","    }());","    switch (local.modeJs) {","","","","    // init-after","    // run browser js-env code - init-after","    /* istanbul ignore next */","    case 'browser':","        local.testRunBrowser = function (event) {","            if (!event || (event &&","                    event.currentTarget &&","                    event.currentTarget.className &&","                    event.currentTarget.className.includes &&","                    event.currentTarget.className.includes('onreset'))) {","                // reset output","                Array.from(","                    document.querySelectorAll('body > .resettable')","                ).forEach(function (element) {","                    switch (element.tagName) {","                    case 'INPUT':","                    case 'TEXTAREA':","                        element.value = '';","                        break;","                    default:","                        element.textContent = '';","                    }","                });","            }","            switch (event && event.currentTarget && event.currentTarget.id) {","            case 'testRunButton1':","                // show tests","                if (document.querySelector('#testReportDiv1').style.display === 'none') {","                    document.querySelector('#testReportDiv1').style.display = 'block';","                    document.querySelector('#testRunButton1').textContent =","                        'hide internal test';","                    local.modeTest = true;","                    local.testRunDefault(local);","                // hide tests","                } else {","                    document.querySelector('#testReportDiv1').style.display = 'none';","                    document.querySelector('#testRunButton1').textContent = 'run internal test';","                }","                break;","            // custom-case","            default:","                break;","            }","            if (document.querySelector('#inputTextareaEval1') && (!event || (event &&","                    event.currentTarget &&","                    event.currentTarget.className &&","                    event.currentTarget.className.includes &&","                    event.currentTarget.className.includes('oneval')))) {","                // try to eval input-code","                try {","                    /*jslint evil: true*/","                    eval(document.querySelector('#inputTextareaEval1').value);","                } catch (errorCaught) {","                    console.error(errorCaught);","                }","            }","        };","        // log stderr and stdout to #outputTextareaStdout1","        ['error', 'log'].forEach(function (key) {","            console[key + '_original'] = console[key];","            console[key] = function () {","                var element;","                console[key + '_original'].apply(console, arguments);","                element = document.querySelector('#outputTextareaStdout1');","                if (!element) {","                    return;","                }","                // append text to #outputTextareaStdout1","                element.value += Array.from(arguments).map(function (arg) {","                    return typeof arg === 'string'","                        ? arg","                        : JSON.stringify(arg, null, 4);","                }).join(' ') + '\\n';","                // scroll textarea to bottom","                element.scrollTop = element.scrollHeight;","            };","        });","        // init event-handling","        ['change', 'click', 'keyup'].forEach(function (event) {","            Array.from(document.querySelectorAll('.on' + event)).forEach(function (element) {","                element.addEventListener(event, local.testRunBrowser);","            });","        });","        // run tests","        local.testRunBrowser();","        break;","","","","    // run node js-env code - init-after","    /* istanbul ignore next */","    case 'node':","        // export local","        module.exports = local;","        // require modules","        local.fs = require('fs');","        local.http = require('http');","        local.url = require('url');","        // init assets","        local.assetsDict = local.assetsDict || {};","        /* jslint-ignore-begin */","        local.assetsDict['/assets.index.template.html'] = '\\","<!doctype html>\\n\\","<html lang=\"en\">\\n\\","<head>\\n\\","<meta charset=\"UTF-8\">\\n\\","<meta name=\"viewport\" content=\"width=device-width, initial-scale=1\">\\n\\","<title>{{env.npm_package_name}} (v{{env.npm_package_version}})</title>\\n\\","<style>\\n\\","/*csslint\\n\\","    box-sizing: false,\\n\\","    universal-selector: false\\n\\","*/\\n\\","* {\\n\\","    box-sizing: border-box;\\n\\","}\\n\\","body {\\n\\","    background: #dde;\\n\\","    font-family: Arial, Helvetica, sans-serif;\\n\\","    margin: 2rem;\\n\\","}\\n\\","body > * {\\n\\","    margin-bottom: 1rem;\\n\\","}\\n\\",".utility2FooterDiv {\\n\\","    margin-top: 20px;\\n\\","    text-align: center;\\n\\","}\\n\\","</style>\\n\\","<style>\\n\\","/*csslint\\n\\","*/\\n\\","textarea {\\n\\","    font-family: monospace;\\n\\","    height: 10rem;\\n\\","    width: 100%;\\n\\","}\\n\\","textarea[readonly] {\\n\\","    background: #ddd;\\n\\","}\\n\\","</style>\\n\\","</head>\\n\\","<body>\\n\\","<!-- utility2-comment\\n\\","<div id=\"ajaxProgressDiv1\" style=\"background: #d00; height: 2px; left: 0; margin: 0; padding: 0; position: fixed; top: 0; transition: background 0.5s, width 1.5s; width: 25%;\"></div>\\n\\","utility2-comment -->\\n\\","<h1>\\n\\","<!-- utility2-comment\\n\\","    <a\\n\\","        {{#if env.npm_package_homepage}}\\n\\","        href=\"{{env.npm_package_homepage}}\"\\n\\","        {{/if env.npm_package_homepage}}\\n\\","        target=\"_blank\"\\n\\","    >\\n\\","utility2-comment -->\\n\\","        {{env.npm_package_name}} (v{{env.npm_package_version}})\\n\\","<!-- utility2-comment\\n\\","    </a>\\n\\","utility2-comment -->\\n\\","</h1>\\n\\","<h3>{{env.npm_package_description}}</h3>\\n\\","<!-- utility2-comment\\n\\","<h4><a download href=\"assets.app.js\">download standalone app</a></h4>\\n\\","<button class=\"onclick onreset\" id=\"testRunButton1\">run internal test</button><br>\\n\\","<div id=\"testReportDiv1\" style=\"display: none;\"></div>\\n\\","utility2-comment -->\\n\\","\\n\\","\\n\\","\\n\\","<label>stderr and stdout</label>\\n\\","<textarea class=\"resettable\" id=\"outputTextareaStdout1\" readonly></textarea>\\n\\","<!-- utility2-comment\\n\\","{{#if isRollup}}\\n\\","<script src=\"assets.app.js\"></script>\\n\\","{{#unless isRollup}}\\n\\","utility2-comment -->\\n\\","<script src=\"assets.utility2.rollup.js\"></script>\\n\\","<script src=\"jsonp.utility2._stateInit?callback=window.utility2._stateInit\"></script>\\n\\","<script src=\"assets.npmtest_web3.rollup.js\"></script>\\n\\","<script src=\"assets.example.js\"></script>\\n\\","<script src=\"assets.test.js\"></script>\\n\\","<!-- utility2-comment\\n\\","{{/if isRollup}}\\n\\","utility2-comment -->\\n\\","<div class=\"utility2FooterDiv\">\\n\\","    [ this app was created with\\n\\","    <a href=\"https://github.com/kaizhu256/node-utility2\" target=\"_blank\">utility2</a>\\n\\","    ]\\n\\","</div>\\n\\","</body>\\n\\","</html>\\n\\","';","        /* jslint-ignore-end */","        if (local.templateRender) {","            local.assetsDict['/'] = local.templateRender(","                local.assetsDict['/assets.index.template.html'],","                {","                    env: local.objectSetDefault(local.env, {","                        npm_package_description: 'the greatest app in the world!',","                        npm_package_name: 'my-app',","                        npm_package_nameAlias: 'my_app',","                        npm_package_version: '0.0.1'","                    })","                }","            );","        } else {","            local.assetsDict['/'] = local.assetsDict['/assets.index.template.html']","                .replace((/\\{\\{env\\.(\\w+?)\\}\\}/g), function (match0, match1) {","                    // jslint-hack","                    String(match0);","                    switch (match1) {","                    case 'npm_package_description':","                        return 'the greatest app in the world!';","                    case 'npm_package_name':","                        return 'my-app';","                    case 'npm_package_nameAlias':","                        return 'my_app';","                    case 'npm_package_version':","                        return '0.0.1';","                    }","                });","        }","        // run the cli","        if (local.global.utility2_rollup || module !== require.main) {","            break;","        }","        local.assetsDict['/assets.example.js'] =","            local.assetsDict['/assets.example.js'] ||","            local.fs.readFileSync(__filename, 'utf8');","        // bug-workaround - long $npm_package_buildCustomOrg","        /* jslint-ignore-begin */","        local.assetsDict['/assets.npmtest_web3.rollup.js'] =","            local.assetsDict['/assets.npmtest_web3.rollup.js'] ||","            local.fs.readFileSync(","                local.npmtest_web3.__dirname + '/lib.npmtest_web3.js',","                'utf8'","            ).replace((/^#!/), '//');","        /* jslint-ignore-end */","        local.assetsDict['/favicon.ico'] = local.assetsDict['/favicon.ico'] || '';","        // if $npm_config_timeout_exit exists,","        // then exit this process after $npm_config_timeout_exit ms","        if (Number(process.env.npm_config_timeout_exit)) {","            setTimeout(process.exit, Number(process.env.npm_config_timeout_exit));","        }","        // start server","        if (local.global.utility2_serverHttp1) {","            break;","        }","        process.env.PORT = process.env.PORT || '8081';","        console.error('server starting on port ' + process.env.PORT);","        local.http.createServer(function (request, response) {","            request.urlParsed = local.url.parse(request.url);","            if (local.assetsDict[request.urlParsed.pathname] !== undefined) {","                response.end(local.assetsDict[request.urlParsed.pathname]);","                return;","            }","            response.statusCode = 404;","            response.end();","        }).listen(process.env.PORT);","        break;","    }","}());",""],"l":{"26":2,"28":2,"33":2,"35":2,"37":2,"38":2,"39":2,"44":1,"51":2,"55":2,"59":2,"61":2,"69":1,"70":2,"76":2,"79":2,"82":2,"83":2,"85":1,"89":2,"92":1,"93":1,"94":1,"96":1,"97":1,"100":1,"101":1,"103":1,"106":1,"108":2,"114":1,"116":1,"118":1,"123":1,"124":2,"125":2,"126":3,"127":3,"128":3,"129":3,"130":1,"133":3,"134":3,"139":3,"143":1,"144":3,"145":1,"149":1,"150":1,"158":1,"160":1,"161":1,"162":1,"164":1,"166":1,"258":1,"259":1,"271":1,"274":6,"275":6,"277":1,"279":2,"281":1,"283":2,"288":1,"289":1,"291":1,"296":1,"303":1,"306":1,"307":1,"310":1,"311":1,"313":1,"314":1,"315":1,"316":1,"317":1,"318":1,"319":1,"321":1,"322":1,"324":1}},"/home/travis/build/npmtest/node-npmtest-web3/node_modules/web3/index.js":{"path":"/home/travis/build/npmtest/node-npmtest-web3/node_modules/web3/index.js","s":{"1":1,"2":1,"3":0,"4":1},"b":{"1":[0,1],"2":[1,0]},"f":{},"fnMap":{},"statementMap":{"1":{"start":{"line":1,"column":0},"end":{"line":1,"column":33}},"2":{"start":{"line":4,"column":0},"end":{"line":6,"column":1}},"3":{"start":{"line":5,"column":4},"end":{"line":5,"column":23}},"4":{"start":{"line":8,"column":0},"end":{"line":8,"column":22}}},"branchMap":{"1":{"line":4,"type":"if","locations":[{"start":{"line":4,"column":0},"end":{"line":4,"column":0}},{"start":{"line":4,"column":0},"end":{"line":4,"column":0}}]},"2":{"line":4,"type":"binary-expr","locations":[{"start":{"line":4,"column":4},"end":{"line":4,"column":33}},{"start":{"line":4,"column":37},"end":{"line":4,"column":71}}]}},"code":["var Web3 = require('./lib/web3');","","// dont override global variable","if (typeof window !== 'undefined' && typeof window.Web3 === 'undefined') {","    window.Web3 = Web3;","}","","module.exports = Web3;",""],"l":{"1":1,"4":1,"5":0,"8":1}},"/home/travis/build/npmtest/node-npmtest-web3/node_modules/web3/lib/web3.js":{"path":"/home/travis/build/npmtest/node-npmtest-web3/node_modules/web3/lib/web3.js","s":{"1":1,"2":1,"3":1,"4":1,"5":1,"6":1,"7":1,"8":1,"9":1,"10":1,"11":1,"12":1,"13":1,"14":1,"15":1,"16":1,"17":1,"18":1,"19":1,"20":0,"21":0,"22":0,"23":0,"24":0,"25":0,"26":0,"27":0,"28":0,"29":0,"30":0,"31":0,"32":0,"33":1,"34":1,"35":0,"36":0,"37":1,"38":0,"39":0,"40":1,"41":1,"42":1,"43":1,"44":1,"45":1,"46":1,"47":1,"48":1,"49":1,"50":1,"51":1,"52":1,"53":1,"54":1,"55":1,"56":0,"57":1,"58":0,"59":0,"60":1,"61":0,"62":1,"63":0,"64":1,"65":0,"66":1},"b":{"1":[0,0]},"f":{"1":0,"2":0,"3":0,"4":0,"5":0,"6":0,"7":0,"8":0},"fnMap":{"1":{"name":"Web3","line":49,"loc":{"start":{"line":49,"column":0},"end":{"line":49,"column":25}}},"2":{"name":"(anonymous_2)","line":78,"loc":{"start":{"line":78,"column":29},"end":{"line":78,"column":49}}},"3":{"name":"(anonymous_3)","line":83,"loc":{"start":{"line":83,"column":23},"end":{"line":83,"column":48}}},"4":{"name":"(anonymous_4)","line":105,"loc":{"start":{"line":105,"column":22},"end":{"line":105,"column":48}}},"5":{"name":"(anonymous_5)","line":112,"loc":{"start":{"line":112,"column":26},"end":{"line":112,"column":42}}},"6":{"name":"(anonymous_6)","line":117,"loc":{"start":{"line":117,"column":17},"end":{"line":117,"column":29}}},"7":{"name":"(anonymous_7)","line":141,"loc":{"start":{"line":141,"column":29},"end":{"line":141,"column":39}}},"8":{"name":"(anonymous_8)","line":145,"loc":{"start":{"line":145,"column":29},"end":{"line":145,"column":41}}}},"statementMap":{"1":{"start":{"line":28,"column":0},"end":{"line":28,"column":54}},"2":{"start":{"line":29,"column":0},"end":{"line":29,"column":34}},"3":{"start":{"line":30,"column":0},"end":{"line":30,"column":40}},"4":{"start":{"line":31,"column":0},"end":{"line":31,"column":38}},"5":{"start":{"line":32,"column":0},"end":{"line":32,"column":40}},"6":{"start":{"line":33,"column":0},"end":{"line":33,"column":40}},"7":{"start":{"line":34,"column":0},"end":{"line":34,"column":50}},"8":{"start":{"line":35,"column":0},"end":{"line":35,"column":44}},"9":{"start":{"line":36,"column":0},"end":{"line":36,"column":42}},"10":{"start":{"line":37,"column":0},"end":{"line":37,"column":40}},"11":{"start":{"line":38,"column":0},"end":{"line":38,"column":37}},"12":{"start":{"line":39,"column":0},"end":{"line":39,"column":35}},"13":{"start":{"line":40,"column":0},"end":{"line":40,"column":38}},"14":{"start":{"line":41,"column":0},"end":{"line":41,"column":36}},"15":{"start":{"line":42,"column":0},"end":{"line":42,"column":42}},"16":{"start":{"line":43,"column":0},"end":{"line":43,"column":50}},"17":{"start":{"line":44,"column":0},"end":{"line":44,"column":48}},"18":{"start":{"line":45,"column":0},"end":{"line":45,"column":40}},"19":{"start":{"line":49,"column":0},"end":{"line":70,"column":1}},"20":{"start":{"line":50,"column":4},"end":{"line":50,"column":56}},"21":{"start":{"line":51,"column":4},"end":{"line":51,"column":36}},"22":{"start":{"line":52,"column":4},"end":{"line":52,"column":29}},"23":{"start":{"line":53,"column":4},"end":{"line":53,"column":27}},"24":{"start":{"line":54,"column":4},"end":{"line":54,"column":29}},"25":{"start":{"line":55,"column":4},"end":{"line":55,"column":29}},"26":{"start":{"line":56,"column":4},"end":{"line":56,"column":39}},"27":{"start":{"line":57,"column":4},"end":{"line":57,"column":31}},"28":{"start":{"line":58,"column":4},"end":{"line":58,"column":35}},"29":{"start":{"line":59,"column":4},"end":{"line":61,"column":6}},"30":{"start":{"line":62,"column":4},"end":{"line":65,"column":6}},"31":{"start":{"line":66,"column":4},"end":{"line":66,"column":32}},"32":{"start":{"line":67,"column":4},"end":{"line":69,"column":7}},"33":{"start":{"line":73,"column":0},"end":{"line":76,"column":2}},"34":{"start":{"line":78,"column":0},"end":{"line":81,"column":2}},"35":{"start":{"line":79,"column":4},"end":{"line":79,"column":47}},"36":{"start":{"line":80,"column":4},"end":{"line":80,"column":36}},"37":{"start":{"line":83,"column":0},"end":{"line":86,"column":2}},"38":{"start":{"line":84,"column":4},"end":{"line":84,"column":46}},"39":{"start":{"line":85,"column":4},"end":{"line":85,"column":35}},"40":{"start":{"line":88,"column":0},"end":{"line":88,"column":37}},"41":{"start":{"line":89,"column":0},"end":{"line":89,"column":35}},"42":{"start":{"line":90,"column":0},"end":{"line":90,"column":39}},"43":{"start":{"line":91,"column":0},"end":{"line":91,"column":37}},"44":{"start":{"line":92,"column":0},"end":{"line":92,"column":43}},"45":{"start":{"line":93,"column":0},"end":{"line":93,"column":41}},"46":{"start":{"line":94,"column":0},"end":{"line":94,"column":43}},"47":{"start":{"line":95,"column":0},"end":{"line":95,"column":47}},"48":{"start":{"line":96,"column":0},"end":{"line":96,"column":47}},"49":{"start":{"line":97,"column":0},"end":{"line":97,"column":35}},"50":{"start":{"line":98,"column":0},"end":{"line":98,"column":39}},"51":{"start":{"line":99,"column":0},"end":{"line":99,"column":43}},"52":{"start":{"line":100,"column":0},"end":{"line":100,"column":59}},"53":{"start":{"line":101,"column":0},"end":{"line":101,"column":59}},"54":{"start":{"line":102,"column":0},"end":{"line":102,"column":37}},"55":{"start":{"line":105,"column":0},"end":{"line":107,"column":2}},"56":{"start":{"line":106,"column":4},"end":{"line":106,"column":40}},"57":{"start":{"line":112,"column":0},"end":{"line":115,"column":2}},"58":{"start":{"line":113,"column":4},"end":{"line":113,"column":30}},"59":{"start":{"line":114,"column":4},"end":{"line":114,"column":26}},"60":{"start":{"line":117,"column":0},"end":{"line":139,"column":2}},"61":{"start":{"line":118,"column":4},"end":{"line":138,"column":6}},"62":{"start":{"line":141,"column":0},"end":{"line":143,"column":2}},"63":{"start":{"line":142,"column":4},"end":{"line":142,"column":72}},"64":{"start":{"line":145,"column":0},"end":{"line":147,"column":2}},"65":{"start":{"line":146,"column":4},"end":{"line":146,"column":27}},"66":{"start":{"line":149,"column":0},"end":{"line":149,"column":22}}},"branchMap":{"1":{"line":142,"type":"binary-expr","locations":[{"start":{"line":142,"column":12},"end":{"line":142,"column":32}},{"start":{"line":142,"column":36},"end":{"line":142,"column":70}}]}},"code":["/*","    This file is part of web3.js.","","    web3.js is free software: you can redistribute it and/or modify","    it under the terms of the GNU Lesser General Public License as published by","    the Free Software Foundation, either version 3 of the License, or","    (at your option) any later version.","","    web3.js is distributed in the hope that it will be useful,","    but WITHOUT ANY WARRANTY; without even the implied warranty of","    MERCHANTABILITY or FITNESS FOR A PARTICULAR PURPOSE.  See the","    GNU Lesser General Public License for more details.","","    You should have received a copy of the GNU Lesser General Public License","    along with web3.js.  If not, see <http://www.gnu.org/licenses/>.","*/","/**"," * @file web3.js"," * @authors:"," *   Jeffrey Wilcke <jeff@ethdev.com>"," *   Marek Kotewicz <marek@ethdev.com>"," *   Marian Oancea <marian@ethdev.com>"," *   Fabian Vogelsteller <fabian@ethdev.com>"," *   Gav Wood <g@ethdev.com>"," * @date 2014"," */","","var RequestManager = require('./web3/requestmanager');","var Iban = require('./web3/iban');","var Eth = require('./web3/methods/eth');","var DB = require('./web3/methods/db');","var Shh = require('./web3/methods/shh');","var Net = require('./web3/methods/net');","var Personal = require('./web3/methods/personal');","var Swarm = require('./web3/methods/swarm');","var Settings = require('./web3/settings');","var version = require('./version.json');","var utils = require('./utils/utils');","var sha3 = require('./utils/sha3');","var extend = require('./web3/extend');","var Batch = require('./web3/batch');","var Property = require('./web3/property');","var HttpProvider = require('./web3/httpprovider');","var IpcProvider = require('./web3/ipcprovider');","var BigNumber = require('bignumber.js');","","","","function Web3 (provider) {","    this._requestManager = new RequestManager(provider);","    this.currentProvider = provider;","    this.eth = new Eth(this);","    this.db = new DB(this);","    this.shh = new Shh(this);","    this.net = new Net(this);","    this.personal = new Personal(this);","    this.bzz = new Swarm(this);","    this.settings = new Settings();","    this.version = {","        api: version.version","    };","    this.providers = {","        HttpProvider: HttpProvider,","        IpcProvider: IpcProvider","    };","    this._extend = extend(this);","    this._extend({","        properties: properties()","    });","}","","// expose providers on the class","Web3.providers = {","    HttpProvider: HttpProvider,","    IpcProvider: IpcProvider","};","","Web3.prototype.setProvider = function (provider) {","    this._requestManager.setProvider(provider);","    this.currentProvider = provider;","};","","Web3.prototype.reset = function (keepIsSyncing) {","    this._requestManager.reset(keepIsSyncing);","    this.settings = new Settings();","};","","Web3.prototype.BigNumber = BigNumber;","Web3.prototype.toHex = utils.toHex;","Web3.prototype.toAscii = utils.toAscii;","Web3.prototype.toUtf8 = utils.toUtf8;","Web3.prototype.fromAscii = utils.fromAscii;","Web3.prototype.fromUtf8 = utils.fromUtf8;","Web3.prototype.toDecimal = utils.toDecimal;","Web3.prototype.fromDecimal = utils.fromDecimal;","Web3.prototype.toBigNumber = utils.toBigNumber;","Web3.prototype.toWei = utils.toWei;","Web3.prototype.fromWei = utils.fromWei;","Web3.prototype.isAddress = utils.isAddress;","Web3.prototype.isChecksumAddress = utils.isChecksumAddress;","Web3.prototype.toChecksumAddress = utils.toChecksumAddress;","Web3.prototype.isIBAN = utils.isIBAN;","","","Web3.prototype.sha3 = function(string, options) {","    return '0x' + sha3(string, options);","};","","/**"," * Transforms direct icap to address"," */","Web3.prototype.fromICAP = function (icap) {","    var iban = new Iban(icap);","    return iban.address();","};","","var properties = function () {","    return [","        new Property({","            name: 'version.node',","            getter: 'web3_clientVersion'","        }),","        new Property({","            name: 'version.network',","            getter: 'net_version',","            inputFormatter: utils.toDecimal","        }),","        new Property({","            name: 'version.ethereum',","            getter: 'eth_protocolVersion',","            inputFormatter: utils.toDecimal","        }),","        new Property({","            name: 'version.whisper',","            getter: 'shh_version',","            inputFormatter: utils.toDecimal","        })","    ];","};","","Web3.prototype.isConnected = function(){","    return (this.currentProvider && this.currentProvider.isConnected());","};","","Web3.prototype.createBatch = function () {","    return new Batch(this);","};","","module.exports = Web3;","",""],"l":{"28":1,"29":1,"30":1,"31":1,"32":1,"33":1,"34":1,"35":1,"36":1,"37":1,"38":1,"39":1,"40":1,"41":1,"42":1,"43":1,"44":1,"45":1,"49":1,"50":0,"51":0,"52":0,"53":0,"54":0,"55":0,"56":0,"57":0,"58":0,"59":0,"62":0,"66":0,"67":0,"73":1,"78":1,"79":0,"80":0,"83":1,"84":0,"85":0,"88":1,"89":1,"90":1,"91":1,"92":1,"93":1,"94":1,"95":1,"96":1,"97":1,"98":1,"99":1,"100":1,"101":1,"102":1,"105":1,"106":0,"112":1,"113":0,"114":0,"117":1,"118":0,"141":1,"142":0,"145":1,"146":0,"149":1}},"/home/travis/build/npmtest/node-npmtest-web3/node_modules/web3/lib/web3/requestmanager.js":{"path":"/home/travis/build/npmtest/node-npmtest-web3/node_modules/web3/lib/web3/requestmanager.js","s":{"1":1,"2":1,"3":1,"4":1,"5":1,"6":0,"7":0,"8":0,"9":1,"10":0,"11":0,"12":0,"13":0,"14":0,"15":0,"16":0,"17":0,"18":1,"19":0,"20":0,"21":0,"22":0,"23":0,"24":0,"25":0,"26":0,"27":0,"28":1,"29":0,"30":0,"31":0,"32":0,"33":0,"34":0,"35":0,"36":0,"37":0,"38":1,"39":0,"40":1,"41":0,"42":0,"43":0,"44":1,"45":0,"46":0,"47":0,"48":0,"49":1,"50":0,"51":0,"52":0,"53":0,"54":0,"55":0,"56":0,"57":1,"58":0,"59":0,"60":0,"61":0,"62":0,"63":0,"64":0,"65":0,"66":0,"67":0,"68":0,"69":0,"70":0,"71":0,"72":0,"73":0,"74":0,"75":0,"76":0,"77":0,"78":0,"79":0,"80":0,"81":0,"82":0,"83":0,"84":0,"85":0,"86":0,"87":0,"88":0,"89":0,"90":0,"91":0,"92":0,"93":1},"b":{"1":[0,0],"2":[0,0],"3":[0,0],"4":[0,0],"5":[0,0],"6":[0,0],"7":[0,0],"8":[0,0],"9":[0,0],"10":[0,0],"11":[0,0],"12":[0,0],"13":[0,0],"14":[0,0],"15":[0,0],"16":[0,0],"17":[0,0],"18":[0,0],"19":[0,0],"20":[0,0],"21":[0,0],"22":[0,0]},"f":{"1":0,"2":0,"3":0,"4":0,"5":0,"6":0,"7":0,"8":0,"9":0,"10":0,"11":0,"12":0,"13":0,"14":0,"15":0,"16":0,"17":0},"fnMap":{"1":{"name":"(anonymous_1)","line":38,"loc":{"start":{"line":38,"column":21},"end":{"line":38,"column":41}}},"2":{"name":"(anonymous_2)","line":51,"loc":{"start":{"line":51,"column":32},"end":{"line":51,"column":48}}},"3":{"name":"(anonymous_3)","line":74,"loc":{"start":{"line":74,"column":37},"end":{"line":74,"column":63}}},"4":{"name":"(anonymous_4)","line":80,"loc":{"start":{"line":80,"column":37},"end":{"line":80,"column":60}}},"5":{"name":"(anonymous_5)","line":100,"loc":{"start":{"line":100,"column":37},"end":{"line":100,"column":63}}},"6":{"name":"(anonymous_6)","line":107,"loc":{"start":{"line":107,"column":37},"end":{"line":107,"column":61}}},"7":{"name":"(anonymous_7)","line":126,"loc":{"start":{"line":126,"column":39},"end":{"line":126,"column":52}}},"8":{"name":"(anonymous_8)","line":141,"loc":{"start":{"line":141,"column":40},"end":{"line":141,"column":85}}},"9":{"name":"(anonymous_9)","line":157,"loc":{"start":{"line":157,"column":39},"end":{"line":157,"column":57}}},"10":{"name":"(anonymous_10)","line":172,"loc":{"start":{"line":172,"column":33},"end":{"line":172,"column":58}}},"11":{"name":"(anonymous_11)","line":196,"loc":{"start":{"line":196,"column":32},"end":{"line":196,"column":44}}},"12":{"name":"(anonymous_12)","line":224,"loc":{"start":{"line":224,"column":20},"end":{"line":224,"column":41}}},"13":{"name":"(anonymous_13)","line":230,"loc":{"start":{"line":230,"column":37},"end":{"line":230,"column":63}}},"14":{"name":"(anonymous_14)","line":241,"loc":{"start":{"line":241,"column":20},"end":{"line":241,"column":38}}},"15":{"name":"(anonymous_15)","line":250,"loc":{"start":{"line":250,"column":18},"end":{"line":250,"column":36}}},"16":{"name":"(anonymous_16)","line":252,"loc":{"start":{"line":252,"column":18},"end":{"line":252,"column":36}}},"17":{"name":"(anonymous_17)","line":258,"loc":{"start":{"line":258,"column":19},"end":{"line":258,"column":37}}}},"statementMap":{"1":{"start":{"line":27,"column":0},"end":{"line":27,"column":35}},"2":{"start":{"line":28,"column":0},"end":{"line":28,"column":38}},"3":{"start":{"line":29,"column":0},"end":{"line":29,"column":35}},"4":{"start":{"line":30,"column":0},"end":{"line":30,"column":33}},"5":{"start":{"line":38,"column":0},"end":{"line":42,"column":2}},"6":{"start":{"line":39,"column":4},"end":{"line":39,"column":29}},"7":{"start":{"line":40,"column":4},"end":{"line":40,"column":20}},"8":{"start":{"line":41,"column":4},"end":{"line":41,"column":24}},"9":{"start":{"line":51,"column":0},"end":{"line":65,"column":2}},"10":{"start":{"line":52,"column":4},"end":{"line":55,"column":5}},"11":{"start":{"line":53,"column":8},"end":{"line":53,"column":48}},"12":{"start":{"line":54,"column":8},"end":{"line":54,"column":20}},"13":{"start":{"line":57,"column":4},"end":{"line":57,"column":62}},"14":{"start":{"line":58,"column":4},"end":{"line":58,"column":45}},"15":{"start":{"line":60,"column":4},"end":{"line":62,"column":5}},"16":{"start":{"line":61,"column":8},"end":{"line":61,"column":45}},"17":{"start":{"line":64,"column":4},"end":{"line":64,"column":25}},"18":{"start":{"line":74,"column":0},"end":{"line":91,"column":2}},"19":{"start":{"line":75,"column":4},"end":{"line":77,"column":5}},"20":{"start":{"line":76,"column":8},"end":{"line":76,"column":50}},"21":{"start":{"line":79,"column":4},"end":{"line":79,"column":62}},"22":{"start":{"line":80,"column":4},"end":{"line":90,"column":7}},"23":{"start":{"line":81,"column":8},"end":{"line":83,"column":9}},"24":{"start":{"line":82,"column":12},"end":{"line":82,"column":33}},"25":{"start":{"line":85,"column":8},"end":{"line":87,"column":9}},"26":{"start":{"line":86,"column":12},"end":{"line":86,"column":60}},"27":{"start":{"line":89,"column":8},"end":{"line":89,"column":38}},"28":{"start":{"line":100,"column":0},"end":{"line":118,"column":2}},"29":{"start":{"line":101,"column":4},"end":{"line":103,"column":5}},"30":{"start":{"line":102,"column":8},"end":{"line":102,"column":50}},"31":{"start":{"line":105,"column":4},"end":{"line":105,"column":47}},"32":{"start":{"line":107,"column":4},"end":{"line":117,"column":7}},"33":{"start":{"line":108,"column":8},"end":{"line":110,"column":9}},"34":{"start":{"line":109,"column":12},"end":{"line":109,"column":33}},"35":{"start":{"line":112,"column":8},"end":{"line":114,"column":9}},"36":{"start":{"line":113,"column":12},"end":{"line":113,"column":61}},"37":{"start":{"line":116,"column":8},"end":{"line":116,"column":31}},"38":{"start":{"line":126,"column":0},"end":{"line":128,"column":2}},"39":{"start":{"line":127,"column":4},"end":{"line":127,"column":22}},"40":{"start":{"line":141,"column":0},"end":{"line":149,"column":2}},"41":{"start":{"line":142,"column":4},"end":{"line":142,"column":92}},"42":{"start":{"line":146,"column":4},"end":{"line":148,"column":5}},"43":{"start":{"line":147,"column":8},"end":{"line":147,"column":20}},"44":{"start":{"line":157,"column":0},"end":{"line":165,"column":2}},"45":{"start":{"line":158,"column":4},"end":{"line":158,"column":30}},"46":{"start":{"line":161,"column":4},"end":{"line":164,"column":5}},"47":{"start":{"line":162,"column":8},"end":{"line":162,"column":35}},"48":{"start":{"line":163,"column":8},"end":{"line":163,"column":28}},"49":{"start":{"line":172,"column":0},"end":{"line":189,"column":2}},"50":{"start":{"line":175,"column":4},"end":{"line":182,"column":5}},"51":{"start":{"line":178,"column":8},"end":{"line":181,"column":9}},"52":{"start":{"line":179,"column":12},"end":{"line":179,"column":40}},"53":{"start":{"line":180,"column":12},"end":{"line":180,"column":35}},"54":{"start":{"line":185,"column":4},"end":{"line":188,"column":5}},"55":{"start":{"line":186,"column":8},"end":{"line":186,"column":35}},"56":{"start":{"line":187,"column":8},"end":{"line":187,"column":28}},"57":{"start":{"line":196,"column":0},"end":{"line":262,"column":2}},"58":{"start":{"line":198,"column":4},"end":{"line":198,"column":75}},"59":{"start":{"line":200,"column":4},"end":{"line":202,"column":5}},"60":{"start":{"line":201,"column":8},"end":{"line":201,"column":15}},"61":{"start":{"line":204,"column":4},"end":{"line":207,"column":5}},"62":{"start":{"line":205,"column":8},"end":{"line":205,"column":48}},"63":{"start":{"line":206,"column":8},"end":{"line":206,"column":15}},"64":{"start":{"line":209,"column":4},"end":{"line":209,"column":23}},"65":{"start":{"line":210,"column":4},"end":{"line":210,"column":22}},"66":{"start":{"line":211,"column":4},"end":{"line":214,"column":5}},"67":{"start":{"line":212,"column":8},"end":{"line":212,"column":45}},"68":{"start":{"line":213,"column":8},"end":{"line":213,"column":27}},"69":{"start":{"line":216,"column":4},"end":{"line":218,"column":5}},"70":{"start":{"line":217,"column":8},"end":{"line":217,"column":15}},"71":{"start":{"line":220,"column":4},"end":{"line":220,"column":52}},"72":{"start":{"line":223,"column":4},"end":{"line":223,"column":24}},"73":{"start":{"line":224,"column":4},"end":{"line":226,"column":7}},"74":{"start":{"line":225,"column":8},"end":{"line":225,"column":46}},"75":{"start":{"line":229,"column":4},"end":{"line":229,"column":20}},"76":{"start":{"line":230,"column":4},"end":{"line":261,"column":7}},"77":{"start":{"line":234,"column":8},"end":{"line":236,"column":9}},"78":{"start":{"line":235,"column":12},"end":{"line":235,"column":19}},"79":{"start":{"line":238,"column":8},"end":{"line":240,"column":9}},"80":{"start":{"line":239,"column":12},"end":{"line":239,"column":50}},"81":{"start":{"line":241,"column":8},"end":{"line":260,"column":11}},"82":{"start":{"line":242,"column":12},"end":{"line":242,"column":43}},"83":{"start":{"line":245,"column":12},"end":{"line":249,"column":29}},"84":{"start":{"line":246,"column":16},"end":{"line":246,"column":58}},"85":{"start":{"line":247,"column":16},"end":{"line":247,"column":30}},"86":{"start":{"line":249,"column":16},"end":{"line":249,"column":29}},"87":{"start":{"line":251,"column":12},"end":{"line":251,"column":28}},"88":{"start":{"line":253,"column":12},"end":{"line":253,"column":56}},"89":{"start":{"line":254,"column":12},"end":{"line":256,"column":13}},"90":{"start":{"line":255,"column":16},"end":{"line":255,"column":64}},"91":{"start":{"line":257,"column":12},"end":{"line":257,"column":25}},"92":{"start":{"line":259,"column":12},"end":{"line":259,"column":49}},"93":{"start":{"line":264,"column":0},"end":{"line":264,"column":32}}},"branchMap":{"1":{"line":52,"type":"if","locations":[{"start":{"line":52,"column":4},"end":{"line":52,"column":4}},{"start":{"line":52,"column":4},"end":{"line":52,"column":4}}]},"2":{"line":60,"type":"if","locations":[{"start":{"line":60,"column":4},"end":{"line":60,"column":4}},{"start":{"line":60,"column":4},"end":{"line":60,"column":4}}]},"3":{"line":75,"type":"if","locations":[{"start":{"line":75,"column":4},"end":{"line":75,"column":4}},{"start":{"line":75,"column":4},"end":{"line":75,"column":4}}]},"4":{"line":81,"type":"if","locations":[{"start":{"line":81,"column":8},"end":{"line":81,"column":8}},{"start":{"line":81,"column":8},"end":{"line":81,"column":8}}]},"5":{"line":85,"type":"if","locations":[{"start":{"line":85,"column":8},"end":{"line":85,"column":8}},{"start":{"line":85,"column":8},"end":{"line":85,"column":8}}]},"6":{"line":101,"type":"if","locations":[{"start":{"line":101,"column":4},"end":{"line":101,"column":4}},{"start":{"line":101,"column":4},"end":{"line":101,"column":4}}]},"7":{"line":108,"type":"if","locations":[{"start":{"line":108,"column":8},"end":{"line":108,"column":8}},{"start":{"line":108,"column":8},"end":{"line":108,"column":8}}]},"8":{"line":112,"type":"if","locations":[{"start":{"line":112,"column":8},"end":{"line":112,"column":8}},{"start":{"line":112,"column":8},"end":{"line":112,"column":8}}]},"9":{"line":146,"type":"if","locations":[{"start":{"line":146,"column":4},"end":{"line":146,"column":4}},{"start":{"line":146,"column":4},"end":{"line":146,"column":4}}]},"10":{"line":161,"type":"if","locations":[{"start":{"line":161,"column":4},"end":{"line":161,"column":4}},{"start":{"line":161,"column":4},"end":{"line":161,"column":4}}]},"11":{"line":161,"type":"binary-expr","locations":[{"start":{"line":161,"column":7},"end":{"line":161,"column":43}},{"start":{"line":161,"column":47},"end":{"line":161,"column":59}}]},"12":{"line":178,"type":"if","locations":[{"start":{"line":178,"column":8},"end":{"line":178,"column":8}},{"start":{"line":178,"column":8},"end":{"line":178,"column":8}}]},"13":{"line":178,"type":"binary-expr","locations":[{"start":{"line":178,"column":11},"end":{"line":178,"column":25}},{"start":{"line":178,"column":29},"end":{"line":178,"column":60}}]},"14":{"line":185,"type":"if","locations":[{"start":{"line":185,"column":4},"end":{"line":185,"column":4}},{"start":{"line":185,"column":4},"end":{"line":185,"column":4}}]},"15":{"line":185,"type":"binary-expr","locations":[{"start":{"line":185,"column":7},"end":{"line":185,"column":43}},{"start":{"line":185,"column":47},"end":{"line":185,"column":59}}]},"16":{"line":200,"type":"if","locations":[{"start":{"line":200,"column":4},"end":{"line":200,"column":4}},{"start":{"line":200,"column":4},"end":{"line":200,"column":4}}]},"17":{"line":204,"type":"if","locations":[{"start":{"line":204,"column":4},"end":{"line":204,"column":4}},{"start":{"line":204,"column":4},"end":{"line":204,"column":4}}]},"18":{"line":216,"type":"if","locations":[{"start":{"line":216,"column":4},"end":{"line":216,"column":4}},{"start":{"line":216,"column":4},"end":{"line":216,"column":4}}]},"19":{"line":234,"type":"if","locations":[{"start":{"line":234,"column":8},"end":{"line":234,"column":8}},{"start":{"line":234,"column":8},"end":{"line":234,"column":8}}]},"20":{"line":238,"type":"if","locations":[{"start":{"line":238,"column":8},"end":{"line":238,"column":8}},{"start":{"line":238,"column":8},"end":{"line":238,"column":8}}]},"21":{"line":245,"type":"if","locations":[{"start":{"line":245,"column":12},"end":{"line":245,"column":12}},{"start":{"line":245,"column":12},"end":{"line":245,"column":12}}]},"22":{"line":254,"type":"if","locations":[{"start":{"line":254,"column":12},"end":{"line":254,"column":12}},{"start":{"line":254,"column":12},"end":{"line":254,"column":12}}]}},"code":["/*","    This file is part of web3.js.","","    web3.js is free software: you can redistribute it and/or modify","    it under the terms of the GNU Lesser General Public License as published by","    the Free Software Foundation, either version 3 of the License, or","    (at your option) any later version.","","    web3.js is distributed in the hope that it will be useful,","    but WITHOUT ANY WARRANTY; without even the implied warranty of","    MERCHANTABILITY or FITNESS FOR A PARTICULAR PURPOSE.  See the","    GNU Lesser General Public License for more details.","","    You should have received a copy of the GNU Lesser General Public License","    along with web3.js.  If not, see <http://www.gnu.org/licenses/>.","*/","/** "," * @file requestmanager.js"," * @author Jeffrey Wilcke <jeff@ethdev.com>"," * @author Marek Kotewicz <marek@ethdev.com>"," * @author Marian Oancea <marian@ethdev.com>"," * @author Fabian Vogelsteller <fabian@ethdev.com>"," * @author Gav Wood <g@ethdev.com>"," * @date 2014"," */","","var Jsonrpc = require('./jsonrpc');","var utils = require('../utils/utils');","var c = require('../utils/config');","var errors = require('./errors');","","/**"," * It's responsible for passing messages to providers"," * It's also responsible for polling the ethereum node for incoming messages"," * Default poll timeout is 1 second"," * Singleton"," */","var RequestManager = function (provider) {","    this.provider = provider;","    this.polls = {};","    this.timeout = null;","};","","/**"," * Should be used to synchronously send request"," *"," * @method send"," * @param {Object} data"," * @return {Object}"," */","RequestManager.prototype.send = function (data) {","    if (!this.provider) {","        console.error(errors.InvalidProvider());","        return null;","    }","","    var payload = Jsonrpc.toPayload(data.method, data.params);","    var result = this.provider.send(payload);","","    if (!Jsonrpc.isValidResponse(result)) {","        throw errors.InvalidResponse(result);","    }","","    return result.result;","};","","/**"," * Should be used to asynchronously send request"," *"," * @method sendAsync"," * @param {Object} data"," * @param {Function} callback"," */","RequestManager.prototype.sendAsync = function (data, callback) {","    if (!this.provider) {","        return callback(errors.InvalidProvider());","    }","","    var payload = Jsonrpc.toPayload(data.method, data.params);","    this.provider.sendAsync(payload, function (err, result) {","        if (err) {","            return callback(err);","        }","        ","        if (!Jsonrpc.isValidResponse(result)) {","            return callback(errors.InvalidResponse(result));","        }","","        callback(null, result.result);","    });","};","","/**"," * Should be called to asynchronously send batch request"," *"," * @method sendBatch"," * @param {Array} batch data"," * @param {Function} callback"," */","RequestManager.prototype.sendBatch = function (data, callback) {","    if (!this.provider) {","        return callback(errors.InvalidProvider());","    }","","    var payload = Jsonrpc.toBatchPayload(data);","","    this.provider.sendAsync(payload, function (err, results) {","        if (err) {","            return callback(err);","        }","","        if (!utils.isArray(results)) {","            return callback(errors.InvalidResponse(results));","        }","","        callback(err, results);","    }); ","};","","/**"," * Should be used to set provider of request manager"," *"," * @method setProvider"," * @param {Object}"," */","RequestManager.prototype.setProvider = function (p) {","    this.provider = p;","};","","/**"," * Should be used to start polling"," *"," * @method startPolling"," * @param {Object} data"," * @param {Number} pollId"," * @param {Function} callback"," * @param {Function} uninstall"," *"," * @todo cleanup number of params"," */","RequestManager.prototype.startPolling = function (data, pollId, callback, uninstall) {","    this.polls[pollId] = {data: dat
[...]
lumn":0},"end":{"line":50,"column":25}}},"2":{"name":"(anonymous_2)","line":81,"loc":{"start":{"line":81,"column":29},"end":{"line":81,"column":49}}},"3":{"name":"(anonymous_3)","line":104,"loc":{"start":{"line":104,"column":22},"end":{"line":104,"column":48}}},"4":{"name":"(anonymous_4)","line":111,"loc":{"start":{"line":111,"column":26},"end":{"line":111,"column":42}}},"5":{"name":"(anonymous_5)","line":116,"loc":{"start":{"line":116,"column":17},"end":{"line":116,"column":29}}},"6":{"name":"(anonymous_6)","line":140,"loc":{"start":{"line":140,"column":29},"end":{"line":140,"column":39}}}},"statementMap":{"1":{"start":{"line":28,"column":0},"end":{"line":28,"column":54}},"2":{"start":{"line":29,"column":0},"end":{"line":29,"column":34}},"3":{"start":{"line":30,"column":0},"end":{"line":30,"column":40}},"4":{"start":{"line":31,"column":0},"end":{"line":31,"column":38}},"5":{"start":{"line":32,"column":0},"end":{"line":32,"column":40}},"6":{"start":{"line":33,"column":0},"end":{"line":33,"column":40}},"7":{"start":{"line":34,"column":0},"end":{"line":34,"column":50}},"8":{"start":{"line":35,"column":0},"end":{"line":35,"column":44}},"9":{"start":{"line":36,"column":0},"end":{"line":36,"column":42}},"10":{"start":{"line":37,"column":0},"end":{"line":37,"column":40}},"11":{"start":{"line":38,"column":0},"end":{"line":38,"column":37}},"12":{"start":{"line":39,"column":0},"end":{"line":39,"column":35}},"13":{"start":{"line":40,"column":0},"end":{"line":40,"column":38}},"14":{"start":{"line":41,"column":0},"end":{"line":41,"column":36}},"15":{"start":{"line":42,"column":0},"end":{"line":42,"column":42}},"16":{"start":{"line":43,"column":0},"end":{"line":43,"column":60}},"17":{"start":{"line":44,"column":0},"end":{"line":44,"column":58}},"18":{"start":{"line":45,"column":0},"end":{"line":45,"column":70}},"19":{"start":{"line":46,"column":0},"end":{"line":46,"column":33}},"20":{"start":{"line":50,"column":0},"end":{"line":72,"column":1}},"21":{"start":{"line":51,"column":4},"end":{"line":51,"column":56}},"22":{"start":{"line":52,"column":4},"end":{"line":52,"column":36}},"23":{"start":{"line":53,"column":4},"end":{"line":53,"column":29}},"24":{"start":{"line":54,"column":4},"end":{"line":54,"column":27}},"25":{"start":{"line":55,"column":4},"end":{"line":55,"column":29}},"26":{"start":{"line":56,"column":4},"end":{"line":56,"column":29}},"27":{"start":{"line":57,"column":4},"end":{"line":57,"column":39}},"28":{"start":{"line":58,"column":4},"end":{"line":58,"column":31}},"29":{"start":{"line":59,"column":4},"end":{"line":59,"column":35}},"30":{"start":{"line":60,"column":4},"end":{"line":62,"column":6}},"31":{"start":{"line":63,"column":4},"end":{"line":67,"column":6}},"32":{"start":{"line":68,"column":4},"end":{"line":68,"column":32}},"33":{"start":{"line":69,"column":4},"end":{"line":71,"column":7}},"34":{"start":{"line":75,"column":0},"end":{"line":79,"column":2}},"35":{"start":{"line":81,"column":0},"end":{"line":84,"column":2}},"36":{"start":{"line":82,"column":4},"end":{"line":82,"column":47}},"37":{"start":{"line":83,"column":4},"end":{"line":83,"column":36}},"38":{"start":{"line":87,"column":0},"end":{"line":87,"column":37}},"39":{"start":{"line":88,"column":0},"end":{"line":88,"column":35}},"40":{"start":{"line":89,"column":0},"end":{"line":89,"column":39}},"41":{"start":{"line":90,"column":0},"end":{"line":90,"column":37}},"42":{"start":{"line":91,"column":0},"end":{"line":91,"column":43}},"43":{"start":{"line":92,"column":0},"end":{"line":92,"column":41}},"44":{"start":{"line":93,"column":0},"end":{"line":93,"column":53}},"45":{"start":{"line":94,"column":0},"end":{"line":94,"column":45}},"46":{"start":{"line":95,"column":0},"end":{"line":95,"column":47}},"47":{"start":{"line":96,"column":0},"end":{"line":96,"column":35}},"48":{"start":{"line":97,"column":0},"end":{"line":97,"column":39}},"49":{"start":{"line":98,"column":0},"end":{"line":98,"column":43}},"50":{"start":{"line":99,"column":0},"end":{"line":99,"column":65}},"51":{"start":{"line":100,"column":0},"end":{"line":100,"column":59}},"52":{"start":{"line":101,"column":0},"end":{"line":101,"column":37}},"53":{"start":{"line":104,"column":0},"end":{"line":106,"column":2}},"54":{"start":{"line":105,"column":4},"end":{"line":105,"column":40}},"55":{"start":{"line":111,"column":0},"end":{"line":114,"column":2}},"56":{"start":{"line":112,"column":4},"end":{"line":112,"column":30}},"57":{"start":{"line":113,"column":4},"end":{"line":113,"column":26}},"58":{"start":{"line":116,"column":0},"end":{"line":138,"column":2}},"59":{"start":{"line":117,"column":4},"end":{"line":137,"column":6}},"60":{"start":{"line":140,"column":0},"end":{"line":142,"column":2}},"61":{"start":{"line":141,"column":4},"end":{"line":141,"column":72}},"62":{"start":{"line":146,"column":0},"end":{"line":146,"column":22}}},"branchMap":{"1":{"line":141,"type":"binary-expr","locations":[{"start":{"line":141,"column":12},"end":{"line":141,"column":32}},{"start":{"line":141,"column":36},"end":{"line":141,"column":70}}]}},"code":["/*","    This file is part of web3.js.","","    web3.js is free software: you can redistribute it and/or modify","    it under the terms of the GNU Lesser General Public License as published by","    the Free Software Foundation, either version 3 of the License, or","    (at your option) any later version.","","    web3.js is distributed in the hope that it will be useful,","    but WITHOUT ANY WARRANTY; without even the implied warranty of","    MERCHANTABILITY or FITNESS FOR A PARTICULAR PURPOSE.  See the","    GNU Lesser General Public License for more details.","","    You should have received a copy of the GNU Lesser General Public License","    along with web3.js.  If not, see <http://www.gnu.org/licenses/>.","*/","/**"," * @file web3.js"," * @authors:"," *   Jeffrey Wilcke <jeffrey.wilcke@ethereum.org>"," *   Gav Wood <gav@ethcore.io>"," *   Marek Kotewicz <marek@ethcore.io>"," *   Marian Oancea <marian@ethereum.org>"," *   Fabian Vogelsteller <fabian@ethereum.org>"," * @date 2017"," */","","var RequestManager = require('./web3/requestmanager');","var Iban = require('./web3/iban');","var Eth = require('./web3/methods/eth');","var DB = require('./web3/methods/db');","var Shh = require('./web3/methods/shh');","var Net = require('./web3/methods/net');","var Personal = require('./web3/methods/personal');","var Swarm = require('./web3/methods/swarm');","var Settings = require('./web3/settings');","var version = require('./version.json');","var utils = require('./utils/utils');","var sha3 = require('./utils/sha3');","var extend = require('./web3/extend');","var Batch = require('./web3/batch');","var Property = require('./web3/property');","var HttpProvider = require('./web3/providers/httpprovider');","var IpcProvider = require('./web3/providers/ipcprovider');","var WebsocketProvider = require('./web3/providers/websocketprovider');","var BigNumber = require('bn.js');","","","","function Web3 (provider) {","    this._requestManager = new RequestManager(provider);","    this.currentProvider = provider;","    this.eth = new Eth(this);","    this.db = new DB(this);","    this.shh = new Shh(this);","    this.net = new Net(this);","    this.personal = new Personal(this);","    this.bzz = new Swarm(this);","    this.settings = new Settings();","    this.version = {","        api: version.version","    };","    this.providers = {","        HttpProvider: HttpProvider,","        IpcProvider: IpcProvider,","        WebsocketProvider: WebsocketProvider","    };","    this._extend = extend(this);","    this._extend({","        properties: properties()","    });","}","","// expose providers on the class","Web3.providers = {","    HttpProvider: HttpProvider,","    IpcProvider: IpcProvider,","    WebsocketProvider: WebsocketProvider","};","","Web3.prototype.setProvider = function (provider) {","    this._requestManager.setProvider(provider);","    this.currentProvider = provider;","};","","","Web3.prototype.BigNumber = BigNumber;","Web3.prototype.toHex = utils.toHex;","Web3.prototype.toAscii = utils.toAscii;","Web3.prototype.toUtf8 = utils.toUtf8;","Web3.prototype.fromAscii = utils.fromAscii;","Web3.prototype.fromUtf8 = utils.fromUtf8;","Web3.prototype.toNumberString = utils.toNumberString;","Web3.prototype.fromNumber = utils.fromNumber;","Web3.prototype.toBigNumber = utils.toBigNumber;","Web3.prototype.toWei = utils.toWei;","Web3.prototype.fromWei = utils.fromWei;","Web3.prototype.isAddress = utils.isAddress;","Web3.prototype.checkAddressChecksum = utils.checkAddressChecksum;","Web3.prototype.toChecksumAddress = utils.toChecksumAddress;","Web3.prototype.isIBAN = utils.isIBAN;","","","Web3.prototype.sha3 = function(string, options) {","    return '0x' + sha3(string, options);","};","","/**"," * Transforms direct icap to address"," */","Web3.prototype.fromICAP = function (icap) {","    var iban = new Iban(icap);","    return iban.address();","};","","var properties = function () {","    return [","        new Property({","            name: 'version.node',","            getter: 'web3_clientVersion'","        }),","        new Property({","            name: 'version.network',","            getter: 'net_version',","            inputFormatter: utils.toNumberString","        }),","        new Property({","            name: 'version.ethereum',","            getter: 'eth_protocolVersion',","            inputFormatter: utils.toNumberString","        }),","        new Property({","            name: 'version.whisper',","            getter: 'shh_version',","            inputFormatter: utils.toNumberString","        })","    ];","};","","Web3.prototype.isConnected = function(){","    return (this.currentProvider && this.currentProvider.isConnected());","};","","","","module.exports = Web3;","",""],"l":{"28":2,"29":0,"30":0,"31":0,"32":0,"33":0,"34":0,"35":0,"36":0,"37":0,"38":0,"39":0,"40":0,"41":0,"42":0,"43":0,"44":0,"45":0,"46":0,"50":1,"51":0,"52":0,"53":0,"54":0,"55":0,"56":0,"57":0,"58":0,"59":0,"60":0,"63":0,"68":0,"69":0,"75":0,"81":0,"82":0,"83":0,"87":0,"88":0,"89":0,"90":0,"91":0,"92":0,"93":0,"94":0,"95":0,"96":0,"97":0,"98":0,"99":0,"100":0,"101":0,"104":0,"105":0,"111":0,"112":0,"113":0,"116":0,"117":0,"140":0,"141":0,"146":0}},"/home/travis/build/npmtest/node-npmtest-web3/node_modules/web3/lib/utils/bloom.js":{"path":"/home/travis/build/npmtest/node-npmtest-web3/node_modules/web3/lib/utils/bloom.js","s":{"1":1,"2":1,"3":1,"4":0,"5":0,"6":0,"7":0,"8":0,"9":0,"10":0,"11":1,"12":0,"13":0,"14":0,"15":0,"16":0,"17":0,"18":0,"19":0,"20":1,"21":0,"22":0,"23":0,"24":0,"25":0,"26":1,"27":0,"28":0,"29":0,"30":0,"31":0,"32":1},"b":{"1":[0,0],"2":[0,0],"3":[0,0],"4":[0,0],"5":[0,0],"6":[0,0],"7":[0,0],"8":[0,0],"9":[0,0],"10":[0,0],"11":[0,0]},"f":{"1":0,"2":0,"3":0,"4":0},"fnMap":{"1":{"name":"codePointToInt","line":36,"loc":{"start":{"line":36,"column":0},"end":{"line":36,"column":35}}},"2":{"name":"testBytes","line":52,"loc":{"start":{"line":52,"column":0},"end":{"line":52,"column":33}}},"3":{"name":"(anonymous_3)","line":80,"loc":{"start":{"line":80,"column":18},"end":{"line":80,"column":43}}},"4":{"name":"(anonymous_4)","line":96,"loc":{"start":{"line":96,"column":16},"end":{"line":96,"column":39}}}},"statementMap":{"1":{"start":{"line":33,"column":0},"end":{"line":33,"column":34}},"2":{"start":{"line":34,"column":0},"end":{"line":34,"column":32}},"3":{"start":{"line":36,"column":0},"end":{"line":50,"column":1}},"4":{"start":{"line":37,"column":4},"end":{"line":39,"column":5}},"5":{"start":{"line":38,"column":8},"end":{"line":38,"column":28}},"6":{"start":{"line":41,"column":4},"end":{"line":43,"column":5}},"7":{"start":{"line":42,"column":8},"end":{"line":42,"column":28}},"8":{"start":{"line":45,"column":4},"end":{"line":47,"column":5}},"9":{"start":{"line":46,"column":8},"end":{"line":46,"column":28}},"10":{"start":{"line":49,"column":4},"end":{"line":49,"column":26}},"11":{"start":{"line":52,"column":0},"end":{"line":69,"column":1}},"12":{"start":{"line":53,"column":4},"end":{"line":53,"column":46}},"13":{"start":{"line":55,"column":4},"end":{"line":66,"column":5}},"14":{"start":{"line":57,"column":8},"end":{"line":57,"column":107}},"15":{"start":{"line":60,"column":8},"end":{"line":60,"column":89}},"16":{"start":{"line":61,"column":8},"end":{"line":61,"column":39}},"17":{"start":{"line":63,"column":8},"end":{"line":65,"column":9}},"18":{"start":{"line":64,"column":12},"end":{"line":64,"column":25}},"19":{"start":{"line":68,"column":4},"end":{"line":68,"column":16}},"20":{"start":{"line":80,"column":0},"end":{"line":85,"column":2}},"21":{"start":{"line":81,"column":4},"end":{"line":81,"column":53}},"22":{"start":{"line":81,"column":31},"end":{"line":81,"column":53}},"23":{"start":{"line":82,"column":4},"end":{"line":82,"column":59}},"24":{"start":{"line":82,"column":35},"end":{"line":82,"column":59}},"25":{"start":{"line":84,"column":4},"end":{"line":84,"column":37}},"26":{"start":{"line":96,"column":0},"end":{"line":101,"column":2}},"27":{"start":{"line":97,"column":4},"end":{"line":97,"column":53}},"28":{"start":{"line":97,"column":31},"end":{"line":97,"column":53}},"29":{"start":{"line":98,"column":4},"end":{"line":98,"column":53}},"30":{"start":{"line":98,"column":31},"end":{"line":98,"column":53}},"31":{"start":{"line":100,"column":4},"end":{"line":100,"column":35}},"32":{"start":{"line":103,"column":0},"end":{"line":106,"column":2}}},"branchMap":{"1":{"line":37,"type":"if","locations":[{"start":{"line":37,"column":4},"end":{"line":37,"column":4}},{"start":{"line":37,"column":4},"end":{"line":37,"column":4}}]},"2":{"line":37,"type":"binary-expr","locations":[{"start":{"line":37,"column":8},"end":{"line":37,"column":23}},{"start":{"line":37,"column":27},"end":{"line":37,"column":42}}]},"3":{"line":41,"type":"if","locations":[{"start":{"line":41,"column":4},"end":{"line":41,"column":4}},{"start":{"line":41,"column":4},"end":{"line":41,"column":4}}]},"4":{"line":41,"type":"binary-expr","locations":[{"start":{"line":41,"column":8},"end":{"line":41,"column":23}},{"start":{"line":41,"column":27},"end":{"line":41,"column":42}}]},"5":{"line":45,"type":"if","locations":[{"start":{"line":45,"column":4},"end":{"line":45,"column":4}},{"start":{"line":45,"column":4},"end":{"line":45,"column":4}}]},"6":{"line":45,"type":"binary-expr","locations":[{"start":{"line":45,"column":8},"end":{"line":45,"column":23}},{"start":{"line":45,"column":27},"end":{"line":45,"column":43}}]},"7":{"line":63,"type":"if","locations":[{"start":{"line":63,"column":8},"end":{"line":63,"column":8}},{"start":{"line":63,"column":8},"end":{"line":63,"column":8}}]},"8":{"line":81,"type":"if","locations":[{"start":{"line":81,"column":4},"end":{"line":81,"column":4}},{"start":{"line":81,"column":4},"end":{"line":81,"column":4}}]},"9":{"line":82,"type":"if","locations":[{"start":{"line":82,"column":4},"end":{"line":82,"column":4}},{"start":{"line":82,"column":4},"end":{"line":82,"column":4}}]},"10":{"line":97,"type":"if","locations":[{"start":{"line":97,"column":4},"end":{"line":97,"column":4}},{"start":{"line":97,"column":4},"end":{"line":97,"column":4}}]},"11":{"line":98,"type":"if","locations":[{"start":{"line":98,"column":4},"end":{"line":98,"column":4}},{"start":{"line":98,"column":4},"end":{"line":98,"column":4}}]}},"code":["/*jshint bitwise: false*/","","/*","    This file is part of web3.js.","","    web3.js is free software: you can redistribute it and/or modify","    it under the terms of the GNU Lesser General Public License as published by","    the Free Software Foundation, either version 3 of the License, or","    (at your option) any later version.","","    web3.js is distributed in the hope that it will be useful,","    but WITHOUT ANY WARRANTY; without even the implied warranty of","    MERCHANTABILITY or FITNESS FOR A PARTICULAR PURPOSE.  See the","    GNU Lesser General Public License for more details.","","    You should have received a copy of the GNU Lesser General Public License","    along with web3.js.  If not, see <http://www.gnu.org/licenses/>.","*/","","/**"," * @file bloom.js"," * @author Bas van Kervel <bas@ethereum.org>"," * @date 2017"," */","","/**"," * Ethereum bloom filter support."," *"," * @module bloom"," * @class [bloom] bloom"," */","","var utils = require(\"./utils.js\");","var sha3 = require(\"./sha3.js\");","","function codePointToInt(codePoint) {","    if (codePoint >= 48 && codePoint <= 57) { /*['0'..'9'] -> [0..9]*/","        return codePoint-48;","    }","","    if (codePoint >= 65 && codePoint <= 70) { /*['A'..'F'] -> [10..15]*/","        return codePoint-55;","    }","","    if (codePoint >= 97 && codePoint <= 102) { /*['a'..'f'] -> [10..15]*/","        return codePoint-87;","    }","","    throw \"invalid bloom\";","}","","function testBytes(bloom, bytes) {","    var hash = sha3(bytes, {encoding: \"hex\"});","","    for (var i=0; i < 12; i+=4) {","        // calculate bit position in bloom fiter that must be active","        var bitpos = ((parseInt(hash.substr(i, 2), 16) << 8) + parseInt(hash.substr((i+2), 2), 16)) & 2047;","","        // test if bitpos in bloom is active","        var code = codePointToInt(bloom.charCodeAt(bloom.length-1-Math.floor(bitpos/4)));","        var offset = 1 << (bitpos % 4);","","        if ((code&offset) !== offset) {","            return false;","        }","    }","","    return true;","}","","/**","* Returns true if address is part of the given bloom.","* note: false positives are possible.","*","* @method testAddress","* @param {String} hex encoded bloom","* @param {String} address in hex notation","* @returns {Boolean} topic is (probably) part of the block","*/","var testAddress = function(bloom, address) {","    if (!utils.isBloom(bloom)) throw \"invalid bloom\";","    if (!utils.isAddress(address)) throw \"invalid address\";","","    return testBytes(bloom, address);","};","","/**","* Returns true if the topic is part of the given bloom.","* note: false positives are possible.","*","* @method hasTopic","* @param {String} hex encoded bloom","* @param {String} address in hex notation","* @returns {Boolean} topic is (probably) part of the block","*/","var testTopic = function(bloom, topic) {","    if (!utils.isBloom(bloom)) throw \"invalid bloom\";","    if (!utils.isTopic(topic)) throw \"invalid topic\";","","    return testBytes(bloom, topic);","};","","module.exports = {","    testAddress: testAddress,","    testTopic:   testTopic,","};",""],"l":{"33":1,"34":1,"36":1,"37":0,"38":0,"41":0,"42":0,"45":0,"46":0,"49":0,"52":1,"53":0,"55":0,"57":0,"60":0,"61":0,"63":0,"64":0,"68":0,"80":1,"81":0,"82":0,"84":0,"96":1,"97":0,"98":0,"100":0,"103":1}},"/home/travis/build/npmtest/node-npmtest-web3/node_modules/web3/lib/utils/browser-bn.js":{"path":"/home/travis/build/npmtest/node-npmtest-web3/node_modules/web3/lib/utils/browser-bn.js","s":{"1":1},"b":{},"f":{},"fnMap":{},"statementMap":{"1":{"start":{"line":3,"column":0},"end":{"line":3,"column":27}}},"branchMap":{},"code":["'use strict';","","module.exports = BigNumber; // jshint ignore:line","",""],"l":{"3":1}},"/home/travis/build/npmtest/node-npmtest-web3/node_modules/web3/lib/utils/browser-xhr.js":{"path":"/home/travis/build/npmtest/node-npmtest-web3/node_modules/web3/lib/utils/browser-xhr.js","s":{"1":1,"2":0,"3":1},"b":{"1":[0,1]},"f":{},"fnMap":{},"statementMap":{"1":{"start":{"line":4,"column":0},"end":{"line":8,"column":1}},"2":{"start":{"line":5,"column":4},"end":{"line":5,"column":32}},"3":{"start":{"line":7,"column":4},"end":{"line":7,"column":44}}},"branchMap":{"1":{"line":4,"type":"if","locations":[{"start":{"line":4,"column":0},"end":{"line":4,"column":0}},{"start":{"line":4,"column":0},"end":{"line":4,"column":0}}]}},"code":["'use strict';","","// go env doesn't have and need XMLHttpRequest","if (typeof XMLHttpRequest === 'undefined') {","    exports.XMLHttpRequest = {};","} else {","    exports.XMLHttpRequest = XMLHttpRequest; // jshint ignore:line","}","",""],"l":{"4":1,"5":0,"7":1}}}